2026-04-09 11:19:40,982 [INFO] Activator:176 - 


2026-04-09 11:19:40,986 [INFO] Activator:177 - !SESSION log4j initialized
2026-04-09 11:19:42,615 [INFO] LogOutputStream:77 - [STDOUT_REDIRECT] 
2026-04-09 11:19:43,482 [ERROR] LogOutputStream:75 - [STDERR_REDIRECT] 
2026-04-09 11:19:44,615 [INFO] LogOutputStream:77 - [STDOUT_REDIRECT] 
2026-04-09 11:19:45,497 [ERROR] ConfigurationRetriever:142 - IOException on connection: PKIX path building failed: sun.security.provider.certpath.SunCertPathBuilderException: unable to find valid certification path to requested target
2026-04-09 11:19:45,540 [ERROR] ConfigurationRetriever:142 - IOException on connection: PKIX path building failed: sun.security.provider.certpath.SunCertPathBuilderException: unable to find valid certification path to requested target
2026-04-09 11:19:45,581 [ERROR] ConfigurationRetriever:142 - IOException on connection: PKIX path building failed: sun.security.provider.certpath.SunCertPathBuilderException: unable to find valid certification path to requested target
2026-04-09 11:19:46,689 [INFO] ApplicationProperties:184 - Using Application install path: /Applications/STM32CubeIDE.app/Contents/Eclipse/plugins/com.st.stm32cube.common.mx_6.15.0.202507011659
2026-04-09 11:19:46,699 [INFO] DbMcusXml:78 - Set database path to: /Applications/STM32CubeIDE.app/Contents/Eclipse/plugins/com.st.stm32cube.common.mx_6.15.0.202507011659//db//mcu/
2026-04-09 11:19:46,699 [INFO] ApiDb:274 - Set plugin database path to: /Applications/STM32CubeIDE.app/Contents/Eclipse/plugins/com.st.stm32cube.common.mx_6.15.0.202507011659//db//plugins/boardmanager/
2026-04-09 11:19:46,699 [WARN] ApiDb:259 - Overriding images path with different value:  => /Applications/STM32CubeIDE.app/Contents/Eclipse/plugins/com.st.stm32cube.common.mx_6.15.0.202507011659//db//plugins/mcufinder/images/
2026-04-09 11:19:46,703 [INFO] ApiDb:250 - Set database path to: /Users/ggpai/.stmcufinder/plugins/mcufinder//mcu/
2026-04-09 11:19:46,704 [INFO] DbMcusAds:125 - Set database path to: /Users/ggpai/.stmcufinder/plugins/mcufinder//mcu/
2026-04-09 11:19:46,705 [INFO] CrossReferenceDbSqlite:203 - Set database path to: /Users/ggpai/.stmcufinder/plugins/mcufinder//mcu/cs/
2026-04-09 11:19:46,826 [INFO] RulesReader:64 - Compatibility file has been processed (317 Rules)
2026-04-09 11:19:46,876 [INFO] DbMcusXml:78 - Set database path to: /Applications/STM32CubeIDE.app/Contents/Eclipse/plugins/com.st.stm32cube.common.mx_6.15.0.202507011659//db//mcu/
2026-04-09 11:19:46,876 [INFO] ApiDb:274 - Set plugin database path to: /Applications/STM32CubeIDE.app/Contents/Eclipse/plugins/com.st.stm32cube.common.mx_6.15.0.202507011659//db//plugins/boardmanager/
2026-04-09 11:19:46,876 [INFO] ApiDb:261 - Set plugin images path to: /Applications/STM32CubeIDE.app/Contents/Eclipse/plugins/com.st.stm32cube.common.mx_6.15.0.202507011659//db//plugins/mcufinder/images/
2026-04-09 11:19:46,876 [WARN] DbFile:41 - Overriding database path with different value: /Users/ggpai/.stmcufinder/plugins/mcufinder/ => /Users/ggpai/.stmcufinder/plugins/mcufinder
2026-04-09 11:19:46,876 [INFO] ApiDb:250 - Set database path to: /Users/ggpai/.stmcufinder/plugins/mcufinder//mcu/
2026-04-09 11:19:46,877 [WARN] DbFile:41 - Overriding database path with different value: /Users/ggpai/.stmcufinder/plugins/mcufinder/ => /Users/ggpai/.stmcufinder/plugins/mcufinder
2026-04-09 11:19:46,877 [INFO] DbMcusAds:125 - Set database path to: /Users/ggpai/.stmcufinder/plugins/mcufinder//mcu/
2026-04-09 11:19:46,877 [WARN] DbFile:41 - Overriding database path with different value: /Users/ggpai/.stmcufinder/plugins/mcufinder/ => /Users/ggpai/.stmcufinder/plugins/mcufinder
2026-04-09 11:19:46,877 [WARN] DbFile:41 - Overriding database path with different value: /Users/ggpai/.stmcufinder/plugins/mcufinder/ => /Users/ggpai/.stmcufinder/plugins/mcufinder
2026-04-09 11:19:46,877 [INFO] CrossReferenceDbSqlite:203 - Set database path to: /Users/ggpai/.stmcufinder/plugins/mcufinder//mcu/cs/
2026-04-09 11:19:46,933 [INFO] MainPanel:274 - HeapMemory: 268435456
2026-04-09 11:19:47,174 [INFO] DbMcusXml:78 - Set database path to: /Applications/STM32CubeIDE.app/Contents/Eclipse/plugins/com.st.stm32cube.common.mx_6.15.0.202507011659//db//mcu/
2026-04-09 11:19:47,174 [INFO] ApiDb:274 - Set plugin database path to: /Applications/STM32CubeIDE.app/Contents/Eclipse/plugins/com.st.stm32cube.common.mx_6.15.0.202507011659//db//plugins/boardmanager/
2026-04-09 11:19:47,174 [INFO] ApiDb:261 - Set plugin images path to: /Applications/STM32CubeIDE.app/Contents/Eclipse/plugins/com.st.stm32cube.common.mx_6.15.0.202507011659//db//plugins/mcufinder/images/
2026-04-09 11:19:47,174 [WARN] DbFile:41 - Overriding database path with different value: /Users/ggpai/.stmcufinder/plugins/mcufinder/ => /Users/ggpai/.stmcufinder/plugins/mcufinder
2026-04-09 11:19:47,175 [INFO] ApiDb:250 - Set database path to: /Users/ggpai/.stmcufinder/plugins/mcufinder//mcu/
2026-04-09 11:19:47,175 [WARN] DbFile:41 - Overriding database path with different value: /Users/ggpai/.stmcufinder/plugins/mcufinder/ => /Users/ggpai/.stmcufinder/plugins/mcufinder
2026-04-09 11:19:47,175 [INFO] DbMcusAds:125 - Set database path to: /Users/ggpai/.stmcufinder/plugins/mcufinder//mcu/
2026-04-09 11:19:47,175 [WARN] DbFile:41 - Overriding database path with different value: /Users/ggpai/.stmcufinder/plugins/mcufinder/ => /Users/ggpai/.stmcufinder/plugins/mcufinder
2026-04-09 11:19:47,175 [WARN] DbFile:41 - Overriding database path with different value: /Users/ggpai/.stmcufinder/plugins/mcufinder/ => /Users/ggpai/.stmcufinder/plugins/mcufinder
2026-04-09 11:19:47,175 [INFO] CrossReferenceDbSqlite:203 - Set database path to: /Users/ggpai/.stmcufinder/plugins/mcufinder//mcu/cs/
2026-04-09 11:19:47,187 [INFO] ApplicationProperties:184 - Using Application install path: /Applications/STM32CubeIDE.app/Contents/Eclipse/plugins/com.st.stm32cube.common.mx_6.15.0.202507011659
2026-04-09 11:19:47,189 [INFO] PluginManage:196 - Search for loadable plugins [exclusion list=, ]
2026-04-09 11:19:47,190 [INFO] PluginManage:310 - Check plugin analytics
2026-04-09 11:19:47,352 [INFO] AnalyticsPlugin:253 - Accepted Software Licenses: STM32CubeMX.6.17.0
2026-04-09 11:19:47,353 [INFO] AnalyticsPlugin:255 - Accepted CMSIS Pack Licenses: 
2026-04-09 11:19:47,353 [INFO] AnalyticsPlugin:257 - Accepted Firmware Licenses: 
2026-04-09 11:19:47,356 [INFO] PluginManage:359 - Loaded plugin analytics (category:tool,tabindex:-1)
2026-04-09 11:19:47,358 [INFO] PluginManage:310 - Check plugin cadmodel
2026-04-09 11:19:47,373 [INFO] CADModel:105 - Init CAD model plugin
2026-04-09 11:19:47,373 [INFO] PluginManage:359 - Loaded plugin cadmodel (category:power,tabindex:5)
2026-04-09 11:19:47,373 [INFO] PluginManage:310 - Check plugin clock
2026-04-09 11:19:47,381 [INFO] PluginManage:359 - Loaded plugin clock (category:base,tabindex:2)
2026-04-09 11:19:47,382 [INFO] PluginManage:310 - Check plugin ddr
2026-04-09 11:19:47,385 [INFO] PluginManage:359 - Loaded plugin ddr (category:tool,tabindex:6)
2026-04-09 11:19:47,385 [INFO] PluginManage:310 - Check plugin filemanager
2026-04-09 11:19:47,402 [ERROR] ConfigurationRetriever:142 - IOException on connection: PKIX path building failed: sun.security.provider.certpath.SunCertPathBuilderException: unable to find valid certification path to requested target
2026-04-09 11:19:47,444 [ERROR] ConfigurationRetriever:142 - IOException on connection: PKIX path building failed: sun.security.provider.certpath.SunCertPathBuilderException: unable to find valid certification path to requested target
2026-04-09 11:19:47,569 [ERROR] ConfigurationRetriever:142 - IOException on connection: PKIX path building failed: sun.security.provider.certpath.SunCertPathBuilderException: unable to find valid certification path to requested target
2026-04-09 11:19:47,775 [INFO] PluginManage:359 - Loaded plugin filemanager (category:base,tabindex:10)
2026-04-09 11:19:47,778 [INFO] PluginManage:310 - Check plugin ipmanager
2026-04-09 11:19:47,823 [INFO] PluginManage:359 - Loaded plugin ipmanager (category:base,tabindex:5)
2026-04-09 11:19:47,824 [INFO] PluginManage:310 - Check plugin lpbam
2026-04-09 11:19:47,848 [INFO] PluginManage:359 - Loaded plugin lpbam (category:base,tabindex:0)
2026-04-09 11:19:47,849 [INFO] PluginManage:310 - Check plugin memorymap
2026-04-09 11:19:47,858 [INFO] PluginManage:359 - Loaded plugin memorymap (category:base,tabindex:4)
2026-04-09 11:19:47,858 [INFO] PluginManage:310 - Check plugin pinoutandconfiguration
2026-04-09 11:19:47,865 [INFO] PluginManage:359 - Loaded plugin pinoutandconfiguration (category:base,tabindex:1)
2026-04-09 11:19:47,865 [INFO] PluginManage:310 - Check plugin pinoutconfig
2026-04-09 11:19:47,945 [WARN] SupportedApi:132 - Cannot load RTOS API schema: s4s-elt-must-match.1: The content of 'definitions' must match (annotation?, (simpleType | complexType)?, (unique | key | keyref)*)). A problem was found starting at: attribute.
2026-04-09 11:19:48,093 [INFO] PluginManage:359 - Loaded plugin pinoutconfig (category:base,tabindex:0)
2026-04-09 11:19:48,093 [INFO] PluginManage:310 - Check plugin power
2026-04-09 11:19:48,101 [INFO] PluginManage:359 - Loaded plugin power (category:power,tabindex:4)
2026-04-09 11:19:48,101 [INFO] PluginManage:310 - Check plugin projectmanager
2026-04-09 11:19:48,124 [INFO] PluginManage:359 - Loaded plugin projectmanager (category:projectmanager,tabindex:4)
2026-04-09 11:19:48,125 [INFO] PluginManage:310 - Check plugin rif
2026-04-09 11:19:48,130 [INFO] PluginManage:359 - Loaded plugin rif (category:base,tabindex:3)
2026-04-09 11:19:48,130 [INFO] PluginManage:310 - Check plugin thirdparty
2026-04-09 11:19:48,281 [INFO] PluginManage:359 - Loaded plugin thirdparty (category:base,tabindex:-1)
2026-04-09 11:19:48,282 [INFO] PluginManage:310 - Check plugin tools
2026-04-09 11:19:48,284 [INFO] PluginManage:359 - Loaded plugin tools (category:base,tabindex:7)
2026-04-09 11:19:48,284 [INFO] PluginManage:310 - Check plugin tutovideos
2026-04-09 11:19:48,281 [WARN] IntegrityCheckThread:84 - waiting for thirdparty lock release [integrity check]
2026-04-09 11:19:48,288 [INFO] IntegrityCheckThread:86 - entering critical section [integrity check]
2026-04-09 11:19:48,288 [INFO] ThirdPartyUpdaterWithRetryManager:70 - Updater plugin not ready yet. [1/15]
2026-04-09 11:19:48,413 [INFO] PluginManage:359 - Loaded plugin tutovideos (category:base,tabindex:-1)
2026-04-09 11:19:48,413 [INFO] PluginManage:310 - Check plugin updater
2026-04-09 11:19:48,436 [INFO] PluginManage:359 - Loaded plugin updater (category:base,tabindex:12)
2026-04-09 11:19:48,436 [INFO] PluginManage:310 - Check plugin userauth
2026-04-09 11:19:48,440 [INFO] UserAuth:118 - Init User Auth plugin
2026-04-09 11:19:48,441 [INFO] PluginManage:359 - Loaded plugin userauth (category:base,tabindex:14)
2026-04-09 11:19:48,441 [INFO] PluginManage:283 - PluginManage : Loaded plugins [18]
2026-04-09 11:19:48,639 [INFO] PinOutPanel:1589 - setPackage(No Configuration,No Configuration)
2026-04-09 11:19:48,703 [INFO] CADModel:165 - CPN selected for project level
2026-04-09 11:19:48,704 [INFO] CADModel:114 - Register for checkConnection events
2026-04-09 11:19:48,711 [INFO] IPUIPlugin:80 - create IPUIPlugin
2026-04-09 11:19:48,711 [INFO] PluginManager:220 - loadIPPluginJar : add mdma
2026-04-09 11:19:48,716 [INFO] IPUIPlugin:80 - create IPUIPlugin
2026-04-09 11:19:48,717 [INFO] PluginManager:220 - loadIPPluginJar : add freertos
2026-04-09 11:19:48,721 [INFO] IPUIPlugin:80 - create IPUIPlugin
2026-04-09 11:19:48,721 [INFO] PluginManager:220 - loadIPPluginJar : add gic
2026-04-09 11:19:48,726 [INFO] IPUIPlugin:80 - create IPUIPlugin
2026-04-09 11:19:48,726 [INFO] PluginManager:220 - loadIPPluginJar : add adc
2026-04-09 11:19:48,728 [INFO] IPUIPlugin:80 - create IPUIPlugin
2026-04-09 11:19:48,728 [INFO] PluginManager:220 - loadIPPluginJar : add gtzc
2026-04-09 11:19:48,728 [INFO] IPUIPlugin:80 - create IPUIPlugin
2026-04-09 11:19:48,728 [INFO] PluginManager:220 - loadIPPluginJar : add quadspi
2026-04-09 11:19:48,730 [INFO] IPUIPlugin:80 - create IPUIPlugin
2026-04-09 11:19:48,730 [INFO] PluginManager:220 - loadIPPluginJar : add aes
2026-04-09 11:19:48,731 [INFO] IPUIPlugin:80 - create IPUIPlugin
2026-04-09 11:19:48,731 [INFO] PluginManager:220 - loadIPPluginJar : add pdm2pcm
2026-04-09 11:19:48,732 [INFO] IPUIPlugin:80 - create IPUIPlugin
2026-04-09 11:19:48,732 [INFO] PluginManager:220 - loadIPPluginJar : add hash
2026-04-09 11:19:48,734 [INFO] IPUIPlugin:80 - create IPUIPlugin
2026-04-09 11:19:48,734 [INFO] PluginManager:220 - loadIPPluginJar : add tim
2026-04-09 11:19:48,734 [INFO] IPUIPlugin:80 - create IPUIPlugin
2026-04-09 11:19:48,734 [INFO] PluginManager:220 - loadIPPluginJar : add tsc
2026-04-09 11:19:48,735 [INFO] IPUIPlugin:80 - create IPUIPlugin
2026-04-09 11:19:48,735 [INFO] PluginManager:220 - loadIPPluginJar : add extmemmanager
2026-04-09 11:19:48,736 [INFO] IPUIPlugin:80 - create IPUIPlugin
2026-04-09 11:19:48,736 [INFO] PluginManager:220 - loadIPPluginJar : add ts
2026-04-09 11:19:48,737 [INFO] IPUIPlugin:80 - create IPUIPlugin
2026-04-09 11:19:48,737 [INFO] PluginManager:220 - loadIPPluginJar : add radio
2026-04-09 11:19:48,738 [INFO] IPUIPlugin:80 - create IPUIPlugin
2026-04-09 11:19:48,738 [INFO] PluginManager:220 - loadIPPluginJar : add can
2026-04-09 11:19:48,738 [INFO] IPUIPlugin:80 - create IPUIPlugin
2026-04-09 11:19:48,739 [INFO] PluginManager:220 - loadIPPluginJar : add dma3
2026-04-09 11:19:48,740 [INFO] IPUIPlugin:80 - create IPUIPlugin
2026-04-09 11:19:48,740 [INFO] PluginManager:220 - loadIPPluginJar : add dfsdm
2026-04-09 11:19:48,741 [INFO] IPUIPlugin:80 - create IPUIPlugin
2026-04-09 11:19:48,741 [INFO] PluginManager:220 - loadIPPluginJar : add spi
2026-04-09 11:19:48,742 [INFO] IPUIPlugin:80 - create IPUIPlugin
2026-04-09 11:19:48,743 [INFO] PluginManager:220 - loadIPPluginJar : add gfxmmu
2026-04-09 11:19:48,744 [INFO] IPUIPlugin:80 - create IPUIPlugin
2026-04-09 11:19:48,744 [INFO] PluginManager:220 - loadIPPluginJar : add genericplugin
2026-04-09 11:19:48,745 [INFO] IPUIPlugin:80 - create IPUIPlugin
2026-04-09 11:19:48,745 [INFO] PluginManager:220 - loadIPPluginJar : add cryp
2026-04-09 11:19:48,747 [INFO] IPUIPlugin:80 - create IPUIPlugin
2026-04-09 11:19:48,748 [INFO] PluginManager:220 - loadIPPluginJar : add gpio
2026-04-09 11:19:48,749 [INFO] IPUIPlugin:80 - create IPUIPlugin
2026-04-09 11:19:48,750 [INFO] PluginManager:220 - loadIPPluginJar : add ddr_ctrl_phy
2026-04-09 11:19:48,751 [INFO] IPUIPlugin:80 - create IPUIPlugin
2026-04-09 11:19:48,751 [INFO] PluginManager:220 - loadIPPluginJar : add comp
2026-04-09 11:19:48,752 [INFO] IPUIPlugin:80 - create IPUIPlugin
2026-04-09 11:19:48,752 [INFO] PluginManager:220 - loadIPPluginJar : add tracer_emb
2026-04-09 11:19:48,753 [INFO] IPUIPlugin:80 - create IPUIPlugin
2026-04-09 11:19:48,753 [INFO] PluginManager:220 - loadIPPluginJar : add openamp
2026-04-09 11:19:48,755 [INFO] IPUIPlugin:80 - create IPUIPlugin
2026-04-09 11:19:48,755 [INFO] PluginManager:220 - loadIPPluginJar : add stm32_wpan
2026-04-09 11:19:48,757 [INFO] IPUIPlugin:80 - create IPUIPlugin
2026-04-09 11:19:48,759 [INFO] PluginManager:220 - loadIPPluginJar : add plateformsettings
2026-04-09 11:19:48,761 [INFO] IPUIPlugin:80 - create IPUIPlugin
2026-04-09 11:19:48,761 [INFO] PluginManager:220 - loadIPPluginJar : add ipddr
2026-04-09 11:19:48,762 [INFO] IPUIPlugin:80 - create IPUIPlugin
2026-04-09 11:19:48,762 [INFO] PluginManager:220 - loadIPPluginJar : add usart
2026-04-09 11:19:48,763 [INFO] IPUIPlugin:80 - create IPUIPlugin
2026-04-09 11:19:48,763 [INFO] PluginManager:220 - loadIPPluginJar : add ltdc
2026-04-09 11:19:48,764 [INFO] IPUIPlugin:80 - create IPUIPlugin
2026-04-09 11:19:48,764 [INFO] PluginManager:220 - loadIPPluginJar : add nvic
2026-04-09 11:19:48,765 [INFO] IPUIPlugin:80 - create IPUIPlugin
2026-04-09 11:19:48,765 [INFO] PluginManager:220 - loadIPPluginJar : add fatfs
2026-04-09 11:19:48,768 [INFO] IPUIPlugin:80 - create IPUIPlugin
2026-04-09 11:19:48,768 [INFO] PluginManager:220 - loadIPPluginJar : add linkedlist
2026-04-09 11:19:48,772 [INFO] IPUIPlugin:80 - create IPUIPlugin
2026-04-09 11:19:48,772 [INFO] PluginManager:220 - loadIPPluginJar : add dma
2026-04-09 11:19:48,774 [INFO] IPUIPlugin:80 - create IPUIPlugin
2026-04-09 11:19:48,774 [INFO] PluginManager:220 - loadIPPluginJar : add fmc
2026-04-09 11:19:48,774 [INFO] IPUIPlugin:80 - create IPUIPlugin
2026-04-09 11:19:48,775 [INFO] PluginManager:220 - loadIPPluginJar : add i2s
2026-04-09 11:19:48,775 [INFO] IPUIPlugin:80 - create IPUIPlugin
2026-04-09 11:19:48,775 [INFO] PluginManager:220 - loadIPPluginJar : add ucpd
2026-04-09 11:19:48,776 [INFO] IPUIPlugin:80 - create IPUIPlugin
2026-04-09 11:19:48,777 [INFO] PluginManager:220 - loadIPPluginJar : add lorawan
2026-04-09 11:19:48,778 [INFO] IPUIPlugin:80 - create IPUIPlugin
2026-04-09 11:19:48,778 [INFO] PluginManager:220 - loadIPPluginJar : add opamp
2026-04-09 11:19:48,780 [INFO] IPUIPlugin:80 - create IPUIPlugin
2026-04-09 11:19:48,780 [INFO] PluginManager:220 - loadIPPluginJar : add i3c
2026-04-09 11:19:48,782 [INFO] IPUIPlugin:80 - create IPUIPlugin
2026-04-09 11:19:48,782 [INFO] PluginManager:220 - loadIPPluginJar : add touchsensing
2026-04-09 11:19:48,783 [INFO] IPUIPlugin:80 - create IPUIPlugin
2026-04-09 11:19:48,783 [INFO] PluginManager:220 - loadIPPluginJar : add i2c
2026-04-09 11:19:48,784 [INFO] IPUIPlugin:80 - create IPUIPlugin
2026-04-09 11:19:48,784 [INFO] PluginManager:220 - loadIPPluginJar : add resmgrutility
2026-04-09 11:19:48,785 [INFO] IPUIPlugin:80 - create IPUIPlugin
2026-04-09 11:19:48,786 [INFO] PluginManager:220 - loadIPPluginJar : add sai
2026-04-09 11:19:48,787 [INFO] IPUIPlugin:80 - create IPUIPlugin
2026-04-09 11:19:48,787 [INFO] PluginManager:220 - loadIPPluginJar : add usbx
2026-04-09 11:19:48,904 [FATAL] Updater:351 - Updater called before beeing initialized
2026-04-09 11:19:48,949 [INFO] RulesReader:64 - Compatibility file has been processed (317 Rules)
2026-04-09 11:19:48,963 [INFO] RulesReader:64 - Compatibility file has been processed (317 Rules)
2026-04-09 11:19:48,970 [INFO] CADModel:165 - CPN selected for project level
2026-04-09 11:19:48,970 [INFO] CADModel:114 - Register for checkConnection events
2026-04-09 11:19:48,970 [FATAL] Updater:351 - Updater called before beeing initialized
2026-04-09 11:19:48,970 [ERROR] CADModel:125 - Updater not yet initialized, retry later 
2026-04-09 11:19:49,160 [FATAL] Updater:351 - Updater called before beeing initialized
2026-04-09 11:19:49,161 [INFO] CADModel:165 - CPN selected for project level
2026-04-09 11:19:49,161 [INFO] CADModel:114 - Register for checkConnection events
2026-04-09 11:19:49,161 [FATAL] Updater:351 - Updater called before beeing initialized
2026-04-09 11:19:49,161 [ERROR] CADModel:125 - Updater not yet initialized, retry later 
2026-04-09 11:19:49,163 [FATAL] Updater:351 - Updater called before beeing initialized
2026-04-09 11:19:49,302 [FATAL] Updater:351 - Updater called before beeing initialized
2026-04-09 11:19:49,309 [INFO] DbMcusAds:53 - JSON generation date=Thu Sep 30 12:25:09 IST 2021 (1632984909247)
2026-04-09 11:19:49,309 [FATAL] Updater:351 - Updater called before beeing initialized
2026-04-09 11:19:49,350 [WARN] DetailPanel:346 - Failed to get advertising image, set to default
2026-04-09 11:19:49,413 [FATAL] Updater:351 - Updater called before beeing initialized
2026-04-09 11:19:49,414 [FATAL] Updater:351 - Updater called before beeing initialized
2026-04-09 11:19:49,414 [FATAL] Updater:351 - Updater called before beeing initialized
2026-04-09 11:19:49,414 [WARN] DetailPanel:346 - Failed to get advertising image, set to default
2026-04-09 11:19:49,416 [FATAL] Updater:351 - Updater called before beeing initialized
2026-04-09 11:19:49,476 [ERROR] Updater:1198 - MainUpdater not yet initialized. External WinMGr cannot be set.
2026-04-09 11:19:49,485 [INFO] Updater:1134 - Updater Version found : 6.15.0
2026-04-09 11:19:49,495 [INFO] ApplicationProperties:184 - Using Application install path: /Applications/STM32CubeIDE.app/Contents/Eclipse/plugins/com.st.stm32cube.common.mx_6.15.0.202507011659
2026-04-09 11:19:49,762 [INFO] MainUpdater:2872 - connection check result : 22
2026-04-09 11:19:49,763 [INFO] MainUpdater:289 - Updater Check For Update Now.
2026-04-09 11:19:49,763 [INFO] MicroXplorer:498 - Change Database Version : DB.6.0.150
2026-04-09 11:19:49,769 [INFO] McuFinderGlobals:63 - Set McuFinder mode to 2 (CubeIDE integrated)
2026-04-09 11:19:49,769 [INFO] UserAuth:171 - activating auth plugin
2026-04-09 11:19:49,783 [INFO] UserAuth:487 - Internet connection configuration mode: 2
2026-04-09 11:19:49,812 [INFO] UserAuth:487 - Internet connection configuration mode: 2
2026-04-09 11:19:50,124 [INFO] CheckServerUpdateThread:120 - End of CheckServer Thread
2026-04-09 11:19:51,395 [INFO] ThirdParty:978 - Integrity check success = true
2026-04-09 11:19:51,395 [INFO] IntegrityCheckThread:100 - exiting critical section [integrity check]
2026-04-09 11:19:51,395 [INFO] IntegrityCheckThread:103 - End integrity checks thread
2026-04-09 11:20:15,886 [ERROR] ConfigurationRetriever:142 - IOException on connection: PKIX path building failed: sun.security.provider.certpath.SunCertPathBuilderException: unable to find valid certification path to requested target
2026-04-09 11:20:15,954 [ERROR] ConfigurationRetriever:142 - IOException on connection: PKIX path building failed: sun.security.provider.certpath.SunCertPathBuilderException: unable to find valid certification path to requested target
2026-04-09 11:20:15,989 [ERROR] ConfigurationRetriever:142 - IOException on connection: PKIX path building failed: sun.security.provider.certpath.SunCertPathBuilderException: unable to find valid certification path to requested target
