2025-09-25 21:27:11,072 [INFO] Activator:176 - 


2025-09-25 21:27:11,113 [INFO] Activator:177 - !SESSION log4j initialized
2025-09-25 21:27:20,289 [INFO] LogOutputStream:77 - [STDOUT_REDIRECT] 
2025-09-25 21:27:22,929 [INFO] ApplicationProperties:184 - Using Application install path: D:\GAURAV_G_PAI\STM32CubeIDE_1.19.0\STM32CubeIDE\plugins\com.st.stm32cube.common.mx_6.15.0.202507011659
2025-09-25 21:27:22,983 [INFO] DbMcusXml:78 - Set database path to: D:\GAURAV_G_PAI\STM32CubeIDE_1.19.0\STM32CubeIDE\plugins\com.st.stm32cube.common.mx_6.15.0.202507011659\\db\/mcu/
2025-09-25 21:27:22,983 [INFO] ApiDb:274 - Set plugin database path to: D:\GAURAV_G_PAI\STM32CubeIDE_1.19.0\STM32CubeIDE\plugins\com.st.stm32cube.common.mx_6.15.0.202507011659\\db\/plugins/boardmanager/
2025-09-25 21:27:22,983 [WARN] ApiDb:259 - Overriding images path with different value:  => D:\GAURAV_G_PAI\STM32CubeIDE_1.19.0\STM32CubeIDE\plugins\com.st.stm32cube.common.mx_6.15.0.202507011659\\db\/plugins/mcufinder/images/
2025-09-25 21:27:23,001 [INFO] ApiDb:250 - Set database path to: C:\Users\LENOVO\.stmcufinder\plugins\mcufinder//mcu/
2025-09-25 21:27:23,002 [INFO] DbMcusAds:125 - Set database path to: C:\Users\LENOVO\.stmcufinder\plugins\mcufinder//mcu/
2025-09-25 21:27:23,004 [INFO] CrossReferenceDbSqlite:203 - Set database path to: C:\Users\LENOVO\.stmcufinder\plugins\mcufinder//mcu/cs/
2025-09-25 21:27:23,195 [INFO] RulesReader:64 - Compatibility file has been processed (317 Rules)
2025-09-25 21:27:23,374 [INFO] DbMcusXml:78 - Set database path to: D:\GAURAV_G_PAI\STM32CubeIDE_1.19.0\STM32CubeIDE\plugins\com.st.stm32cube.common.mx_6.15.0.202507011659\\db\/mcu/
2025-09-25 21:27:23,374 [INFO] ApiDb:274 - Set plugin database path to: D:\GAURAV_G_PAI\STM32CubeIDE_1.19.0\STM32CubeIDE\plugins\com.st.stm32cube.common.mx_6.15.0.202507011659\\db\/plugins/boardmanager/
2025-09-25 21:27:23,374 [INFO] ApiDb:261 - Set plugin images path to: D:\GAURAV_G_PAI\STM32CubeIDE_1.19.0\STM32CubeIDE\plugins\com.st.stm32cube.common.mx_6.15.0.202507011659\\db\/plugins/mcufinder/images/
2025-09-25 21:27:23,375 [WARN] DbFile:41 - Overriding database path with different value: C:\Users\LENOVO\.stmcufinder\plugins\mcufinder/ => C:\Users\LENOVO\.stmcufinder\plugins\mcufinder
2025-09-25 21:27:23,375 [INFO] ApiDb:250 - Set database path to: C:\Users\LENOVO\.stmcufinder\plugins\mcufinder//mcu/
2025-09-25 21:27:23,375 [WARN] DbFile:41 - Overriding database path with different value: C:\Users\LENOVO\.stmcufinder\plugins\mcufinder/ => C:\Users\LENOVO\.stmcufinder\plugins\mcufinder
2025-09-25 21:27:23,375 [INFO] DbMcusAds:125 - Set database path to: C:\Users\LENOVO\.stmcufinder\plugins\mcufinder//mcu/
2025-09-25 21:27:23,375 [WARN] DbFile:41 - Overriding database path with different value: C:\Users\LENOVO\.stmcufinder\plugins\mcufinder/ => C:\Users\LENOVO\.stmcufinder\plugins\mcufinder
2025-09-25 21:27:23,375 [WARN] DbFile:41 - Overriding database path with different value: C:\Users\LENOVO\.stmcufinder\plugins\mcufinder/ => C:\Users\LENOVO\.stmcufinder\plugins\mcufinder
2025-09-25 21:27:23,375 [INFO] CrossReferenceDbSqlite:203 - Set database path to: C:\Users\LENOVO\.stmcufinder\plugins\mcufinder//mcu/cs/
2025-09-25 21:27:23,497 [INFO] MainPanel:274 - HeapMemory: 268435456
2025-09-25 21:27:23,630 [INFO] DbMcusXml:78 - Set database path to: D:\GAURAV_G_PAI\STM32CubeIDE_1.19.0\STM32CubeIDE\plugins\com.st.stm32cube.common.mx_6.15.0.202507011659\\db\/mcu/
2025-09-25 21:27:23,631 [INFO] ApiDb:274 - Set plugin database path to: D:\GAURAV_G_PAI\STM32CubeIDE_1.19.0\STM32CubeIDE\plugins\com.st.stm32cube.common.mx_6.15.0.202507011659\\db\/plugins/boardmanager/
2025-09-25 21:27:23,631 [INFO] ApiDb:261 - Set plugin images path to: D:\GAURAV_G_PAI\STM32CubeIDE_1.19.0\STM32CubeIDE\plugins\com.st.stm32cube.common.mx_6.15.0.202507011659\\db\/plugins/mcufinder/images/
2025-09-25 21:27:23,631 [WARN] DbFile:41 - Overriding database path with different value: C:\Users\LENOVO\.stmcufinder\plugins\mcufinder/ => C:\Users\LENOVO\.stmcufinder\plugins\mcufinder
2025-09-25 21:27:23,631 [INFO] ApiDb:250 - Set database path to: C:\Users\LENOVO\.stmcufinder\plugins\mcufinder//mcu/
2025-09-25 21:27:23,638 [WARN] DbFile:41 - Overriding database path with different value: C:\Users\LENOVO\.stmcufinder\plugins\mcufinder/ => C:\Users\LENOVO\.stmcufinder\plugins\mcufinder
2025-09-25 21:27:23,639 [INFO] DbMcusAds:125 - Set database path to: C:\Users\LENOVO\.stmcufinder\plugins\mcufinder//mcu/
2025-09-25 21:27:23,639 [WARN] DbFile:41 - Overriding database path with different value: C:\Users\LENOVO\.stmcufinder\plugins\mcufinder/ => C:\Users\LENOVO\.stmcufinder\plugins\mcufinder
2025-09-25 21:27:23,639 [WARN] DbFile:41 - Overriding database path with different value: C:\Users\LENOVO\.stmcufinder\plugins\mcufinder/ => C:\Users\LENOVO\.stmcufinder\plugins\mcufinder
2025-09-25 21:27:23,639 [INFO] CrossReferenceDbSqlite:203 - Set database path to: C:\Users\LENOVO\.stmcufinder\plugins\mcufinder//mcu/cs/
2025-09-25 21:27:23,669 [INFO] ApplicationProperties:184 - Using Application install path: D:\GAURAV_G_PAI\STM32CubeIDE_1.19.0\STM32CubeIDE\plugins\com.st.stm32cube.common.mx_6.15.0.202507011659
2025-09-25 21:27:23,670 [INFO] PluginManage:196 - Search for loadable plugins [exclusion list=, ]
2025-09-25 21:27:23,672 [INFO] PluginManage:310 - Check plugin analytics
2025-09-25 21:27:23,986 [INFO] AnalyticsPlugin:253 - Accepted Software Licenses: 
2025-09-25 21:27:23,986 [INFO] AnalyticsPlugin:255 - Accepted CMSIS Pack Licenses: 
2025-09-25 21:27:23,987 [INFO] AnalyticsPlugin:257 - Accepted Firmware Licenses: 
2025-09-25 21:27:23,989 [INFO] PluginManage:359 - Loaded plugin analytics (category:tool,tabindex:-1)
2025-09-25 21:27:23,989 [INFO] PluginManage:310 - Check plugin cadmodel
2025-09-25 21:27:24,035 [INFO] CADModel:105 - Init CAD model plugin
2025-09-25 21:27:24,035 [INFO] PluginManage:359 - Loaded plugin cadmodel (category:power,tabindex:5)
2025-09-25 21:27:24,036 [INFO] PluginManage:310 - Check plugin clock
2025-09-25 21:27:24,057 [INFO] PluginManage:359 - Loaded plugin clock (category:base,tabindex:2)
2025-09-25 21:27:24,057 [INFO] PluginManage:310 - Check plugin ddr
2025-09-25 21:27:24,059 [INFO] PluginManage:359 - Loaded plugin ddr (category:tool,tabindex:6)
2025-09-25 21:27:24,060 [INFO] PluginManage:310 - Check plugin filemanager
2025-09-25 21:27:24,267 [INFO] PluginManage:359 - Loaded plugin filemanager (category:base,tabindex:10)
2025-09-25 21:27:24,267 [INFO] PluginManage:310 - Check plugin ipmanager
2025-09-25 21:27:24,312 [INFO] PluginManage:359 - Loaded plugin ipmanager (category:base,tabindex:5)
2025-09-25 21:27:24,312 [INFO] PluginManage:310 - Check plugin lpbam
2025-09-25 21:27:24,353 [INFO] PluginManage:359 - Loaded plugin lpbam (category:base,tabindex:0)
2025-09-25 21:27:24,353 [INFO] PluginManage:310 - Check plugin memorymap
2025-09-25 21:27:24,386 [INFO] PluginManage:359 - Loaded plugin memorymap (category:base,tabindex:4)
2025-09-25 21:27:24,387 [INFO] PluginManage:310 - Check plugin pinoutandconfiguration
2025-09-25 21:27:24,419 [INFO] PluginManage:359 - Loaded plugin pinoutandconfiguration (category:base,tabindex:1)
2025-09-25 21:27:24,419 [INFO] PluginManage:310 - Check plugin pinoutconfig
2025-09-25 21:27:24,630 [WARN] SupportedApi:132 - Cannot load RTOS API schema: s4s-elt-must-match.1: The content of 'definitions' must match (annotation?, (simpleType | complexType)?, (unique | key | keyref)*)). A problem was found starting at: attribute.
2025-09-25 21:27:24,814 [INFO] PluginManage:359 - Loaded plugin pinoutconfig (category:base,tabindex:0)
2025-09-25 21:27:24,814 [INFO] PluginManage:310 - Check plugin power
2025-09-25 21:27:24,904 [INFO] PluginManage:359 - Loaded plugin power (category:power,tabindex:4)
2025-09-25 21:27:24,905 [INFO] PluginManage:310 - Check plugin projectmanager
2025-09-25 21:27:24,964 [INFO] PluginManage:359 - Loaded plugin projectmanager (category:projectmanager,tabindex:4)
2025-09-25 21:27:24,965 [INFO] PluginManage:310 - Check plugin rif
2025-09-25 21:27:25,000 [INFO] PluginManage:359 - Loaded plugin rif (category:base,tabindex:3)
2025-09-25 21:27:25,000 [INFO] PluginManage:310 - Check plugin thirdparty
2025-09-25 21:27:25,464 [INFO] PluginManage:359 - Loaded plugin thirdparty (category:base,tabindex:-1)
2025-09-25 21:27:25,464 [WARN] IntegrityCheckThread:84 - waiting for thirdparty lock release [integrity check]
2025-09-25 21:27:25,464 [INFO] PluginManage:310 - Check plugin tools
2025-09-25 21:27:25,464 [INFO] IntegrityCheckThread:86 - entering critical section [integrity check]
2025-09-25 21:27:25,464 [INFO] ThirdPartyUpdaterWithRetryManager:70 - Updater plugin not ready yet. [1/15]
2025-09-25 21:27:25,526 [INFO] PluginManage:359 - Loaded plugin tools (category:base,tabindex:7)
2025-09-25 21:27:25,527 [INFO] PluginManage:310 - Check plugin tutovideos
2025-09-25 21:27:25,984 [INFO] PluginManage:359 - Loaded plugin tutovideos (category:base,tabindex:-1)
2025-09-25 21:27:25,984 [INFO] PluginManage:310 - Check plugin updater
2025-09-25 21:27:26,013 [INFO] PluginManage:359 - Loaded plugin updater (category:base,tabindex:12)
2025-09-25 21:27:26,013 [INFO] PluginManage:310 - Check plugin userauth
2025-09-25 21:27:26,017 [INFO] UserAuth:118 - Init User Auth plugin
2025-09-25 21:27:26,017 [INFO] PluginManage:359 - Loaded plugin userauth (category:base,tabindex:14)
2025-09-25 21:27:26,018 [INFO] PluginManage:283 - PluginManage : Loaded plugins [18]
2025-09-25 21:27:26,371 [INFO] PinOutPanel:1589 - setPackage(No Configuration,No Configuration)
2025-09-25 21:27:26,531 [INFO] CADModel:165 - CPN selected for project level
2025-09-25 21:27:26,531 [INFO] CADModel:114 - Register for checkConnection events
2025-09-25 21:27:26,578 [INFO] IPUIPlugin:80 - create IPUIPlugin
2025-09-25 21:27:26,578 [INFO] PluginManager:220 - loadIPPluginJar : add adc
2025-09-25 21:27:26,629 [INFO] IPUIPlugin:80 - create IPUIPlugin
2025-09-25 21:27:26,630 [INFO] PluginManager:220 - loadIPPluginJar : add aes
2025-09-25 21:27:26,694 [INFO] IPUIPlugin:80 - create IPUIPlugin
2025-09-25 21:27:26,695 [INFO] PluginManager:220 - loadIPPluginJar : add can
2025-09-25 21:27:26,729 [INFO] IPUIPlugin:80 - create IPUIPlugin
2025-09-25 21:27:26,729 [INFO] PluginManager:220 - loadIPPluginJar : add comp
2025-09-25 21:27:26,766 [INFO] IPUIPlugin:80 - create IPUIPlugin
2025-09-25 21:27:26,766 [INFO] PluginManager:220 - loadIPPluginJar : add cryp
2025-09-25 21:27:26,802 [INFO] IPUIPlugin:80 - create IPUIPlugin
2025-09-25 21:27:26,802 [INFO] PluginManager:220 - loadIPPluginJar : add ddr_ctrl_phy
2025-09-25 21:27:26,838 [INFO] IPUIPlugin:80 - create IPUIPlugin
2025-09-25 21:27:26,838 [INFO] PluginManager:220 - loadIPPluginJar : add dfsdm
2025-09-25 21:27:26,852 [INFO] IPUIPlugin:80 - create IPUIPlugin
2025-09-25 21:27:26,853 [INFO] PluginManager:220 - loadIPPluginJar : add dma
2025-09-25 21:27:26,897 [INFO] IPUIPlugin:80 - create IPUIPlugin
2025-09-25 21:27:26,897 [INFO] PluginManager:220 - loadIPPluginJar : add dma3
2025-09-25 21:27:26,955 [INFO] IPUIPlugin:80 - create IPUIPlugin
2025-09-25 21:27:26,955 [INFO] PluginManager:220 - loadIPPluginJar : add extmemmanager
2025-09-25 21:27:27,002 [INFO] IPUIPlugin:80 - create IPUIPlugin
2025-09-25 21:27:27,002 [INFO] PluginManager:220 - loadIPPluginJar : add fatfs
2025-09-25 21:27:27,053 [INFO] IPUIPlugin:80 - create IPUIPlugin
2025-09-25 21:27:27,053 [INFO] PluginManager:220 - loadIPPluginJar : add fmc
2025-09-25 21:27:27,094 [INFO] IPUIPlugin:80 - create IPUIPlugin
2025-09-25 21:27:27,094 [INFO] PluginManager:220 - loadIPPluginJar : add freertos
2025-09-25 21:27:27,120 [INFO] IPUIPlugin:80 - create IPUIPlugin
2025-09-25 21:27:27,120 [INFO] PluginManager:220 - loadIPPluginJar : add genericplugin
2025-09-25 21:27:27,248 [INFO] IPUIPlugin:80 - create IPUIPlugin
2025-09-25 21:27:27,248 [INFO] PluginManager:220 - loadIPPluginJar : add gfxmmu
2025-09-25 21:27:27,463 [INFO] IPUIPlugin:80 - create IPUIPlugin
2025-09-25 21:27:27,463 [INFO] PluginManager:220 - loadIPPluginJar : add gic
2025-09-25 21:27:27,554 [INFO] IPUIPlugin:80 - create IPUIPlugin
2025-09-25 21:27:27,554 [INFO] PluginManager:220 - loadIPPluginJar : add gpio
2025-09-25 21:27:27,652 [INFO] IPUIPlugin:80 - create IPUIPlugin
2025-09-25 21:27:27,652 [INFO] PluginManager:220 - loadIPPluginJar : add gtzc
2025-09-25 21:27:27,687 [INFO] IPUIPlugin:80 - create IPUIPlugin
2025-09-25 21:27:27,688 [INFO] PluginManager:220 - loadIPPluginJar : add hash
2025-09-25 21:27:27,748 [INFO] IPUIPlugin:80 - create IPUIPlugin
2025-09-25 21:27:27,748 [INFO] PluginManager:220 - loadIPPluginJar : add i2c
2025-09-25 21:27:27,791 [INFO] IPUIPlugin:80 - create IPUIPlugin
2025-09-25 21:27:27,791 [INFO] PluginManager:220 - loadIPPluginJar : add i2s
2025-09-25 21:27:27,872 [INFO] IPUIPlugin:80 - create IPUIPlugin
2025-09-25 21:27:27,872 [INFO] PluginManager:220 - loadIPPluginJar : add i3c
2025-09-25 21:27:28,026 [INFO] IPUIPlugin:80 - create IPUIPlugin
2025-09-25 21:27:28,027 [INFO] PluginManager:220 - loadIPPluginJar : add ipddr
2025-09-25 21:27:28,180 [INFO] IPUIPlugin:80 - create IPUIPlugin
2025-09-25 21:27:28,181 [INFO] PluginManager:220 - loadIPPluginJar : add linkedlist
2025-09-25 21:27:28,221 [INFO] IPUIPlugin:80 - create IPUIPlugin
2025-09-25 21:27:28,222 [INFO] PluginManager:220 - loadIPPluginJar : add lorawan
2025-09-25 21:27:28,263 [INFO] IPUIPlugin:80 - create IPUIPlugin
2025-09-25 21:27:28,263 [INFO] PluginManager:220 - loadIPPluginJar : add ltdc
2025-09-25 21:27:28,314 [INFO] IPUIPlugin:80 - create IPUIPlugin
2025-09-25 21:27:28,314 [INFO] PluginManager:220 - loadIPPluginJar : add mdma
2025-09-25 21:27:28,356 [INFO] IPUIPlugin:80 - create IPUIPlugin
2025-09-25 21:27:28,356 [INFO] PluginManager:220 - loadIPPluginJar : add nvic
2025-09-25 21:27:28,421 [INFO] IPUIPlugin:80 - create IPUIPlugin
2025-09-25 21:27:28,421 [INFO] PluginManager:220 - loadIPPluginJar : add opamp
2025-09-25 21:27:28,466 [INFO] ThirdPartyUpdaterWithRetryManager:70 - Updater plugin not ready yet. [2/15]
2025-09-25 21:27:28,491 [INFO] IPUIPlugin:80 - create IPUIPlugin
2025-09-25 21:27:28,491 [INFO] PluginManager:220 - loadIPPluginJar : add openamp
2025-09-25 21:27:28,635 [INFO] IPUIPlugin:80 - create IPUIPlugin
2025-09-25 21:27:28,635 [INFO] PluginManager:220 - loadIPPluginJar : add pdm2pcm
2025-09-25 21:27:28,684 [INFO] IPUIPlugin:80 - create IPUIPlugin
2025-09-25 21:27:28,685 [INFO] PluginManager:220 - loadIPPluginJar : add plateformsettings
2025-09-25 21:27:28,723 [INFO] IPUIPlugin:80 - create IPUIPlugin
2025-09-25 21:27:28,723 [INFO] PluginManager:220 - loadIPPluginJar : add quadspi
2025-09-25 21:27:28,761 [INFO] IPUIPlugin:80 - create IPUIPlugin
2025-09-25 21:27:28,761 [INFO] PluginManager:220 - loadIPPluginJar : add radio
2025-09-25 21:27:28,791 [INFO] IPUIPlugin:80 - create IPUIPlugin
2025-09-25 21:27:28,791 [INFO] PluginManager:220 - loadIPPluginJar : add resmgrutility
2025-09-25 21:27:28,847 [INFO] IPUIPlugin:80 - create IPUIPlugin
2025-09-25 21:27:28,847 [INFO] PluginManager:220 - loadIPPluginJar : add sai
2025-09-25 21:27:28,891 [INFO] IPUIPlugin:80 - create IPUIPlugin
2025-09-25 21:27:28,891 [INFO] PluginManager:220 - loadIPPluginJar : add spi
2025-09-25 21:27:29,016 [INFO] IPUIPlugin:80 - create IPUIPlugin
2025-09-25 21:27:29,016 [INFO] PluginManager:220 - loadIPPluginJar : add stm32_wpan
2025-09-25 21:27:29,047 [INFO] IPUIPlugin:80 - create IPUIPlugin
2025-09-25 21:27:29,047 [INFO] PluginManager:220 - loadIPPluginJar : add tim
2025-09-25 21:27:29,155 [INFO] IPUIPlugin:80 - create IPUIPlugin
2025-09-25 21:27:29,155 [INFO] PluginManager:220 - loadIPPluginJar : add touchsensing
2025-09-25 21:27:29,184 [INFO] IPUIPlugin:80 - create IPUIPlugin
2025-09-25 21:27:29,184 [INFO] PluginManager:220 - loadIPPluginJar : add tracer_emb
2025-09-25 21:27:29,223 [INFO] IPUIPlugin:80 - create IPUIPlugin
2025-09-25 21:27:29,223 [INFO] PluginManager:220 - loadIPPluginJar : add ts
2025-09-25 21:27:29,251 [INFO] IPUIPlugin:80 - create IPUIPlugin
2025-09-25 21:27:29,251 [INFO] PluginManager:220 - loadIPPluginJar : add tsc
2025-09-25 21:27:29,278 [INFO] IPUIPlugin:80 - create IPUIPlugin
2025-09-25 21:27:29,278 [INFO] PluginManager:220 - loadIPPluginJar : add ucpd
2025-09-25 21:27:29,329 [INFO] IPUIPlugin:80 - create IPUIPlugin
2025-09-25 21:27:29,330 [INFO] PluginManager:220 - loadIPPluginJar : add usart
2025-09-25 21:27:29,383 [INFO] IPUIPlugin:80 - create IPUIPlugin
2025-09-25 21:27:29,383 [INFO] PluginManager:220 - loadIPPluginJar : add usbx
2025-09-25 21:27:29,506 [FATAL] Updater:351 - Updater called before beeing initialized
2025-09-25 21:27:29,566 [INFO] RulesReader:64 - Compatibility file has been processed (317 Rules)
2025-09-25 21:27:29,575 [INFO] RulesReader:64 - Compatibility file has been processed (317 Rules)
2025-09-25 21:27:29,583 [INFO] CADModel:165 - CPN selected for project level
2025-09-25 21:27:29,583 [INFO] CADModel:114 - Register for checkConnection events
2025-09-25 21:27:29,583 [FATAL] Updater:351 - Updater called before beeing initialized
2025-09-25 21:27:29,583 [ERROR] CADModel:125 - Updater not yet initialized, retry later 
2025-09-25 21:27:29,790 [FATAL] Updater:351 - Updater called before beeing initialized
2025-09-25 21:27:29,797 [INFO] CADModel:165 - CPN selected for project level
2025-09-25 21:27:29,797 [INFO] CADModel:114 - Register for checkConnection events
2025-09-25 21:27:29,797 [FATAL] Updater:351 - Updater called before beeing initialized
2025-09-25 21:27:29,797 [ERROR] CADModel:125 - Updater not yet initialized, retry later 
2025-09-25 21:27:29,800 [FATAL] Updater:351 - Updater called before beeing initialized
2025-09-25 21:27:29,903 [FATAL] Updater:351 - Updater called before beeing initialized
2025-09-25 21:27:29,914 [INFO] DbMcusAds:53 - JSON generation date=Tue Jul 08 13:44:23 IST 2025 (1751962463593)
2025-09-25 21:27:29,914 [FATAL] Updater:351 - Updater called before beeing initialized
2025-09-25 21:27:30,152 [WARN] DetailPanel:346 - Failed to get advertising image, set to default
2025-09-25 21:27:30,235 [FATAL] Updater:351 - Updater called before beeing initialized
2025-09-25 21:27:30,237 [FATAL] Updater:351 - Updater called before beeing initialized
2025-09-25 21:27:30,237 [FATAL] Updater:351 - Updater called before beeing initialized
2025-09-25 21:27:30,237 [WARN] DetailPanel:346 - Failed to get advertising image, set to default
2025-09-25 21:27:30,238 [FATAL] Updater:351 - Updater called before beeing initialized
2025-09-25 21:27:30,394 [ERROR] Updater:1198 - MainUpdater not yet initialized. External WinMGr cannot be set.
2025-09-25 21:27:30,411 [INFO] Updater:1134 - Updater Version found : 6.15.0
2025-09-25 21:27:30,429 [INFO] ApplicationProperties:184 - Using Application install path: D:\GAURAV_G_PAI\STM32CubeIDE_1.19.0\STM32CubeIDE\plugins\com.st.stm32cube.common.mx_6.15.0.202507011659
2025-09-25 21:27:31,468 [INFO] ThirdPartyUpdaterWithRetryManager:70 - Updater plugin not ready yet. [3/15]
2025-09-25 21:27:34,469 [FATAL] Updater:351 - Updater called before beeing initialized
2025-09-25 21:27:34,469 [ERROR] IntegrityCheckThread:130 - Cannot retrieve database content from updater: error 21
2025-09-25 21:27:34,469 [INFO] ThirdParty:978 - Integrity check success = false
2025-09-25 21:27:34,470 [INFO] IntegrityCheckThread:100 - exiting critical section [integrity check]
2025-09-25 21:27:34,470 [INFO] IntegrityCheckThread:103 - End integrity checks thread
2025-09-25 21:27:34,767 [WARN] CheckConnectionManager:291 - Warning during Server Connection :  timeout Connect to sw-center.st.com:443 [sw-center.st.com/23.201.53.161, sw-center.st.com/23.201.53.155] failed: Read timed out
2025-09-25 21:27:36,440 [INFO] MainUpdater:2872 - connection check result : 10
2025-09-25 21:27:36,441 [INFO] MainUpdater:3604 - Updater definition file requires update
2025-09-25 21:27:36,442 [INFO] MainUpdater:289 - Updater Check For Update Now.
2025-09-25 21:27:36,442 [INFO] MicroXplorer:498 - Change Database Version : DB.6.0.150
2025-09-25 21:27:36,590 [INFO] McuFinderGlobals:63 - Set McuFinder mode to 2 (CubeIDE integrated)
2025-09-25 21:27:36,590 [INFO] UserAuth:171 - activating auth plugin
2025-09-25 21:27:36,594 [INFO] UserAuth:487 - Internet connection configuration mode: 1
2025-09-25 21:27:36,674 [INFO] JxBrowserEngine:152 - Initiate JxBrowser Engine with user profile folder
2025-09-25 21:27:38,498 [INFO] WebApp:169 - Instantiating new browser for Auth
2025-09-25 21:27:38,537 [INFO] ServerAccessManage:452 - Complete download http(s) 200
2025-09-25 21:27:38,541 [INFO] ServerAccessManage:509 - Download File updaters.zip
2025-09-25 21:27:38,689 [INFO] FileExtend:248 - Unzip File : updaters.zip
2025-09-25 21:27:38,689 [INFO] FileExtend:263 - Standard Zip Deflate
2025-09-25 21:27:39,754 [INFO] ServerAccessManage:452 - Complete download http(s) 200
2025-09-25 21:27:39,755 [INFO] ServerAccessManage:509 - Download File PacksControlFlags.xml
2025-09-25 21:27:40,005 [INFO] ServerAccessManage:452 - Complete download http(s) 200
2025-09-25 21:27:40,006 [INFO] ServerAccessManage:509 - Download File cubemx.pidx
2025-09-25 21:27:41,448 [INFO] WebApp:463 - Apply proxy settings
2025-09-25 21:27:41,449 [INFO] WebApp:548 - Chromium requires no authentication
2025-09-25 21:27:41,466 [INFO] WebApp:491 - Direct internet connection detected
2025-09-25 21:27:41,513 [INFO] WebApp:900 - Register for checkConnection events
2025-09-25 21:27:41,513 [INFO] WebApp:463 - Apply proxy settings
2025-09-25 21:27:41,514 [INFO] WebApp:548 - Chromium requires no authentication
2025-09-25 21:27:41,514 [INFO] WebApp:491 - Direct internet connection detected
2025-09-25 21:27:41,886 [INFO] WebApp:191 - Connection restablished
2025-09-25 21:27:42,067 [INFO] WebApp:225 - Starting web application
2025-09-25 21:27:42,068 [INFO] WebApp:593 - Web application path used D:\GAURAV_G_PAI\STM32CubeIDE_1.19.0\STM32CubeIDE\plugins\com.st.stm32cube.common.mx_6.15.0.202507011659\db\plugins\mcufinder\reactClient1\index.html
2025-09-25 21:27:44,390 [INFO] LoadServerUpdatesThread:375 - End of LoadServerUpdate Thread
2025-09-25 21:27:44,684 [INFO] CheckServerUpdateThread:120 - End of CheckServer Thread
2025-09-25 21:29:45,797 [ERROR] LogOutputStream:75 - [STDERR_REDIRECT] 
2025-09-25 21:30:21,460 [INFO] Activator:176 - 


2025-09-25 21:30:21,461 [INFO] Activator:177 - !SESSION log4j initialized
2025-09-25 21:30:28,007 [INFO] LogOutputStream:77 - [STDOUT_REDIRECT] 
2025-09-25 21:30:29,721 [INFO] ApplicationProperties:184 - Using Application install path: D:\GAURAV_G_PAI\STM32CubeIDE_1.19.0\STM32CubeIDE\plugins\com.st.stm32cube.common.mx_6.15.0.202507011659
2025-09-25 21:30:29,745 [INFO] DbMcusXml:78 - Set database path to: D:\GAURAV_G_PAI\STM32CubeIDE_1.19.0\STM32CubeIDE\plugins\com.st.stm32cube.common.mx_6.15.0.202507011659\\db\/mcu/
2025-09-25 21:30:29,745 [INFO] ApiDb:274 - Set plugin database path to: D:\GAURAV_G_PAI\STM32CubeIDE_1.19.0\STM32CubeIDE\plugins\com.st.stm32cube.common.mx_6.15.0.202507011659\\db\/plugins/boardmanager/
2025-09-25 21:30:29,745 [WARN] ApiDb:259 - Overriding images path with different value:  => D:\GAURAV_G_PAI\STM32CubeIDE_1.19.0\STM32CubeIDE\plugins\com.st.stm32cube.common.mx_6.15.0.202507011659\\db\/plugins/mcufinder/images/
2025-09-25 21:30:29,762 [INFO] ApiDb:250 - Set database path to: C:\Users\LENOVO\.stmcufinder\plugins\mcufinder//mcu/
2025-09-25 21:30:29,763 [INFO] DbMcusAds:125 - Set database path to: C:\Users\LENOVO\.stmcufinder\plugins\mcufinder//mcu/
2025-09-25 21:30:29,764 [INFO] CrossReferenceDbSqlite:203 - Set database path to: C:\Users\LENOVO\.stmcufinder\plugins\mcufinder//mcu/cs/
2025-09-25 21:30:29,906 [INFO] RulesReader:64 - Compatibility file has been processed (317 Rules)
2025-09-25 21:30:30,016 [INFO] DbMcusXml:78 - Set database path to: D:\GAURAV_G_PAI\STM32CubeIDE_1.19.0\STM32CubeIDE\plugins\com.st.stm32cube.common.mx_6.15.0.202507011659\\db\/mcu/
2025-09-25 21:30:30,016 [INFO] ApiDb:274 - Set plugin database path to: D:\GAURAV_G_PAI\STM32CubeIDE_1.19.0\STM32CubeIDE\plugins\com.st.stm32cube.common.mx_6.15.0.202507011659\\db\/plugins/boardmanager/
2025-09-25 21:30:30,016 [INFO] ApiDb:261 - Set plugin images path to: D:\GAURAV_G_PAI\STM32CubeIDE_1.19.0\STM32CubeIDE\plugins\com.st.stm32cube.common.mx_6.15.0.202507011659\\db\/plugins/mcufinder/images/
2025-09-25 21:30:30,017 [WARN] DbFile:41 - Overriding database path with different value: C:\Users\LENOVO\.stmcufinder\plugins\mcufinder/ => C:\Users\LENOVO\.stmcufinder\plugins\mcufinder
2025-09-25 21:30:30,017 [INFO] ApiDb:250 - Set database path to: C:\Users\LENOVO\.stmcufinder\plugins\mcufinder//mcu/
2025-09-25 21:30:30,017 [WARN] DbFile:41 - Overriding database path with different value: C:\Users\LENOVO\.stmcufinder\plugins\mcufinder/ => C:\Users\LENOVO\.stmcufinder\plugins\mcufinder
2025-09-25 21:30:30,017 [INFO] DbMcusAds:125 - Set database path to: C:\Users\LENOVO\.stmcufinder\plugins\mcufinder//mcu/
2025-09-25 21:30:30,017 [WARN] DbFile:41 - Overriding database path with different value: C:\Users\LENOVO\.stmcufinder\plugins\mcufinder/ => C:\Users\LENOVO\.stmcufinder\plugins\mcufinder
2025-09-25 21:30:30,017 [WARN] DbFile:41 - Overriding database path with different value: C:\Users\LENOVO\.stmcufinder\plugins\mcufinder/ => C:\Users\LENOVO\.stmcufinder\plugins\mcufinder
2025-09-25 21:30:30,017 [INFO] CrossReferenceDbSqlite:203 - Set database path to: C:\Users\LENOVO\.stmcufinder\plugins\mcufinder//mcu/cs/
2025-09-25 21:30:30,223 [INFO] MainPanel:274 - HeapMemory: 268435456
2025-09-25 21:30:30,363 [INFO] DbMcusXml:78 - Set database path to: D:\GAURAV_G_PAI\STM32CubeIDE_1.19.0\STM32CubeIDE\plugins\com.st.stm32cube.common.mx_6.15.0.202507011659\\db\/mcu/
2025-09-25 21:30:30,363 [INFO] ApiDb:274 - Set plugin database path to: D:\GAURAV_G_PAI\STM32CubeIDE_1.19.0\STM32CubeIDE\plugins\com.st.stm32cube.common.mx_6.15.0.202507011659\\db\/plugins/boardmanager/
2025-09-25 21:30:30,363 [INFO] ApiDb:261 - Set plugin images path to: D:\GAURAV_G_PAI\STM32CubeIDE_1.19.0\STM32CubeIDE\plugins\com.st.stm32cube.common.mx_6.15.0.202507011659\\db\/plugins/mcufinder/images/
2025-09-25 21:30:30,364 [WARN] DbFile:41 - Overriding database path with different value: C:\Users\LENOVO\.stmcufinder\plugins\mcufinder/ => C:\Users\LENOVO\.stmcufinder\plugins\mcufinder
2025-09-25 21:30:30,364 [INFO] ApiDb:250 - Set database path to: C:\Users\LENOVO\.stmcufinder\plugins\mcufinder//mcu/
2025-09-25 21:30:30,364 [WARN] DbFile:41 - Overriding database path with different value: C:\Users\LENOVO\.stmcufinder\plugins\mcufinder/ => C:\Users\LENOVO\.stmcufinder\plugins\mcufinder
2025-09-25 21:30:30,364 [INFO] DbMcusAds:125 - Set database path to: C:\Users\LENOVO\.stmcufinder\plugins\mcufinder//mcu/
2025-09-25 21:30:30,364 [WARN] DbFile:41 - Overriding database path with different value: C:\Users\LENOVO\.stmcufinder\plugins\mcufinder/ => C:\Users\LENOVO\.stmcufinder\plugins\mcufinder
2025-09-25 21:30:30,364 [WARN] DbFile:41 - Overriding database path with different value: C:\Users\LENOVO\.stmcufinder\plugins\mcufinder/ => C:\Users\LENOVO\.stmcufinder\plugins\mcufinder
2025-09-25 21:30:30,364 [INFO] CrossReferenceDbSqlite:203 - Set database path to: C:\Users\LENOVO\.stmcufinder\plugins\mcufinder//mcu/cs/
2025-09-25 21:30:30,385 [INFO] ApplicationProperties:184 - Using Application install path: D:\GAURAV_G_PAI\STM32CubeIDE_1.19.0\STM32CubeIDE\plugins\com.st.stm32cube.common.mx_6.15.0.202507011659
2025-09-25 21:30:30,386 [INFO] PluginManage:196 - Search for loadable plugins [exclusion list=, ]
2025-09-25 21:30:30,388 [INFO] PluginManage:310 - Check plugin analytics
2025-09-25 21:30:30,588 [INFO] AnalyticsPlugin:253 - Accepted Software Licenses: 
2025-09-25 21:30:30,588 [INFO] AnalyticsPlugin:255 - Accepted CMSIS Pack Licenses: 
2025-09-25 21:30:30,589 [INFO] AnalyticsPlugin:257 - Accepted Firmware Licenses: 
2025-09-25 21:30:30,591 [INFO] PluginManage:359 - Loaded plugin analytics (category:tool,tabindex:-1)
2025-09-25 21:30:30,592 [INFO] PluginManage:310 - Check plugin cadmodel
2025-09-25 21:30:30,600 [INFO] CADModel:105 - Init CAD model plugin
2025-09-25 21:30:30,601 [INFO] PluginManage:359 - Loaded plugin cadmodel (category:power,tabindex:5)
2025-09-25 21:30:30,601 [INFO] PluginManage:310 - Check plugin clock
2025-09-25 21:30:30,610 [INFO] PluginManage:359 - Loaded plugin clock (category:base,tabindex:2)
2025-09-25 21:30:30,610 [INFO] PluginManage:310 - Check plugin ddr
2025-09-25 21:30:30,613 [INFO] PluginManage:359 - Loaded plugin ddr (category:tool,tabindex:6)
2025-09-25 21:30:30,613 [INFO] PluginManage:310 - Check plugin filemanager
2025-09-25 21:30:30,888 [INFO] PluginManage:359 - Loaded plugin filemanager (category:base,tabindex:10)
2025-09-25 21:30:30,889 [INFO] PluginManage:310 - Check plugin ipmanager
2025-09-25 21:30:30,897 [INFO] PluginManage:359 - Loaded plugin ipmanager (category:base,tabindex:5)
2025-09-25 21:30:30,897 [INFO] PluginManage:310 - Check plugin lpbam
2025-09-25 21:30:30,906 [INFO] PluginManage:359 - Loaded plugin lpbam (category:base,tabindex:0)
2025-09-25 21:30:30,906 [INFO] PluginManage:310 - Check plugin memorymap
2025-09-25 21:30:30,922 [INFO] PluginManage:359 - Loaded plugin memorymap (category:base,tabindex:4)
2025-09-25 21:30:30,923 [INFO] PluginManage:310 - Check plugin pinoutandconfiguration
2025-09-25 21:30:30,931 [INFO] PluginManage:359 - Loaded plugin pinoutandconfiguration (category:base,tabindex:1)
2025-09-25 21:30:30,931 [INFO] PluginManage:310 - Check plugin pinoutconfig
2025-09-25 21:30:31,046 [WARN] SupportedApi:132 - Cannot load RTOS API schema: s4s-elt-must-match.1: The content of 'definitions' must match (annotation?, (simpleType | complexType)?, (unique | key | keyref)*)). A problem was found starting at: attribute.
2025-09-25 21:30:31,322 [INFO] PluginManage:359 - Loaded plugin pinoutconfig (category:base,tabindex:0)
2025-09-25 21:30:31,322 [INFO] PluginManage:310 - Check plugin power
2025-09-25 21:30:31,346 [INFO] PluginManage:359 - Loaded plugin power (category:power,tabindex:4)
2025-09-25 21:30:31,346 [INFO] PluginManage:310 - Check plugin projectmanager
2025-09-25 21:30:31,384 [INFO] PluginManage:359 - Loaded plugin projectmanager (category:projectmanager,tabindex:4)
2025-09-25 21:30:31,384 [INFO] PluginManage:310 - Check plugin rif
2025-09-25 21:30:31,409 [INFO] PluginManage:359 - Loaded plugin rif (category:base,tabindex:3)
2025-09-25 21:30:31,409 [INFO] PluginManage:310 - Check plugin thirdparty
2025-09-25 21:30:31,686 [INFO] PluginManage:359 - Loaded plugin thirdparty (category:base,tabindex:-1)
2025-09-25 21:30:31,686 [WARN] IntegrityCheckThread:84 - waiting for thirdparty lock release [integrity check]
2025-09-25 21:30:31,686 [INFO] PluginManage:310 - Check plugin tools
2025-09-25 21:30:31,686 [INFO] IntegrityCheckThread:86 - entering critical section [integrity check]
2025-09-25 21:30:31,686 [INFO] ThirdPartyUpdaterWithRetryManager:70 - Updater plugin not ready yet. [1/15]
2025-09-25 21:30:31,688 [INFO] PluginManage:359 - Loaded plugin tools (category:base,tabindex:7)
2025-09-25 21:30:31,688 [INFO] PluginManage:310 - Check plugin tutovideos
2025-09-25 21:30:31,988 [INFO] PluginManage:359 - Loaded plugin tutovideos (category:base,tabindex:-1)
2025-09-25 21:30:31,988 [INFO] PluginManage:310 - Check plugin updater
2025-09-25 21:30:32,005 [INFO] PluginManage:359 - Loaded plugin updater (category:base,tabindex:12)
2025-09-25 21:30:32,005 [INFO] PluginManage:310 - Check plugin userauth
2025-09-25 21:30:32,008 [INFO] UserAuth:118 - Init User Auth plugin
2025-09-25 21:30:32,009 [INFO] PluginManage:359 - Loaded plugin userauth (category:base,tabindex:14)
2025-09-25 21:30:32,009 [INFO] PluginManage:283 - PluginManage : Loaded plugins [18]
2025-09-25 21:30:32,221 [INFO] PinOutPanel:1589 - setPackage(No Configuration,No Configuration)
2025-09-25 21:30:32,343 [INFO] CADModel:165 - CPN selected for project level
2025-09-25 21:30:32,343 [INFO] CADModel:114 - Register for checkConnection events
2025-09-25 21:30:32,357 [INFO] IPUIPlugin:80 - create IPUIPlugin
2025-09-25 21:30:32,357 [INFO] PluginManager:220 - loadIPPluginJar : add adc
2025-09-25 21:30:32,359 [INFO] IPUIPlugin:80 - create IPUIPlugin
2025-09-25 21:30:32,359 [INFO] PluginManager:220 - loadIPPluginJar : add aes
2025-09-25 21:30:32,361 [INFO] IPUIPlugin:80 - create IPUIPlugin
2025-09-25 21:30:32,361 [INFO] PluginManager:220 - loadIPPluginJar : add can
2025-09-25 21:30:32,363 [INFO] IPUIPlugin:80 - create IPUIPlugin
2025-09-25 21:30:32,363 [INFO] PluginManager:220 - loadIPPluginJar : add comp
2025-09-25 21:30:32,365 [INFO] IPUIPlugin:80 - create IPUIPlugin
2025-09-25 21:30:32,365 [INFO] PluginManager:220 - loadIPPluginJar : add cryp
2025-09-25 21:30:32,377 [INFO] IPUIPlugin:80 - create IPUIPlugin
2025-09-25 21:30:32,377 [INFO] PluginManager:220 - loadIPPluginJar : add ddr_ctrl_phy
2025-09-25 21:30:32,379 [INFO] IPUIPlugin:80 - create IPUIPlugin
2025-09-25 21:30:32,380 [INFO] PluginManager:220 - loadIPPluginJar : add dfsdm
2025-09-25 21:30:32,385 [INFO] IPUIPlugin:80 - create IPUIPlugin
2025-09-25 21:30:32,385 [INFO] PluginManager:220 - loadIPPluginJar : add dma
2025-09-25 21:30:32,387 [INFO] IPUIPlugin:80 - create IPUIPlugin
2025-09-25 21:30:32,387 [INFO] PluginManager:220 - loadIPPluginJar : add dma3
2025-09-25 21:30:32,389 [INFO] IPUIPlugin:80 - create IPUIPlugin
2025-09-25 21:30:32,389 [INFO] PluginManager:220 - loadIPPluginJar : add extmemmanager
2025-09-25 21:30:32,390 [INFO] IPUIPlugin:80 - create IPUIPlugin
2025-09-25 21:30:32,390 [INFO] PluginManager:220 - loadIPPluginJar : add fatfs
2025-09-25 21:30:32,394 [INFO] IPUIPlugin:80 - create IPUIPlugin
2025-09-25 21:30:32,395 [INFO] PluginManager:220 - loadIPPluginJar : add fmc
2025-09-25 21:30:32,400 [INFO] IPUIPlugin:80 - create IPUIPlugin
2025-09-25 21:30:32,400 [INFO] PluginManager:220 - loadIPPluginJar : add freertos
2025-09-25 21:30:32,401 [INFO] IPUIPlugin:80 - create IPUIPlugin
2025-09-25 21:30:32,401 [INFO] PluginManager:220 - loadIPPluginJar : add genericplugin
2025-09-25 21:30:32,403 [INFO] IPUIPlugin:80 - create IPUIPlugin
2025-09-25 21:30:32,403 [INFO] PluginManager:220 - loadIPPluginJar : add gfxmmu
2025-09-25 21:30:32,407 [INFO] IPUIPlugin:80 - create IPUIPlugin
2025-09-25 21:30:32,407 [INFO] PluginManager:220 - loadIPPluginJar : add gic
2025-09-25 21:30:32,410 [INFO] IPUIPlugin:80 - create IPUIPlugin
2025-09-25 21:30:32,411 [INFO] PluginManager:220 - loadIPPluginJar : add gpio
2025-09-25 21:30:32,413 [INFO] IPUIPlugin:80 - create IPUIPlugin
2025-09-25 21:30:32,413 [INFO] PluginManager:220 - loadIPPluginJar : add gtzc
2025-09-25 21:30:32,415 [INFO] IPUIPlugin:80 - create IPUIPlugin
2025-09-25 21:30:32,415 [INFO] PluginManager:220 - loadIPPluginJar : add hash
2025-09-25 21:30:32,417 [INFO] IPUIPlugin:80 - create IPUIPlugin
2025-09-25 21:30:32,417 [INFO] PluginManager:220 - loadIPPluginJar : add i2c
2025-09-25 21:30:32,419 [INFO] IPUIPlugin:80 - create IPUIPlugin
2025-09-25 21:30:32,419 [INFO] PluginManager:220 - loadIPPluginJar : add i2s
2025-09-25 21:30:32,422 [INFO] IPUIPlugin:80 - create IPUIPlugin
2025-09-25 21:30:32,422 [INFO] PluginManager:220 - loadIPPluginJar : add i3c
2025-09-25 21:30:32,441 [INFO] IPUIPlugin:80 - create IPUIPlugin
2025-09-25 21:30:32,442 [INFO] PluginManager:220 - loadIPPluginJar : add ipddr
2025-09-25 21:30:32,448 [INFO] IPUIPlugin:80 - create IPUIPlugin
2025-09-25 21:30:32,448 [INFO] PluginManager:220 - loadIPPluginJar : add linkedlist
2025-09-25 21:30:32,451 [INFO] IPUIPlugin:80 - create IPUIPlugin
2025-09-25 21:30:32,451 [INFO] PluginManager:220 - loadIPPluginJar : add lorawan
2025-09-25 21:30:32,452 [INFO] IPUIPlugin:80 - create IPUIPlugin
2025-09-25 21:30:32,452 [INFO] PluginManager:220 - loadIPPluginJar : add ltdc
2025-09-25 21:30:32,457 [INFO] IPUIPlugin:80 - create IPUIPlugin
2025-09-25 21:30:32,457 [INFO] PluginManager:220 - loadIPPluginJar : add mdma
2025-09-25 21:30:32,460 [INFO] IPUIPlugin:80 - create IPUIPlugin
2025-09-25 21:30:32,460 [INFO] PluginManager:220 - loadIPPluginJar : add nvic
2025-09-25 21:30:32,463 [INFO] IPUIPlugin:80 - create IPUIPlugin
2025-09-25 21:30:32,463 [INFO] PluginManager:220 - loadIPPluginJar : add opamp
2025-09-25 21:30:32,465 [INFO] IPUIPlugin:80 - create IPUIPlugin
2025-09-25 21:30:32,465 [INFO] PluginManager:220 - loadIPPluginJar : add openamp
2025-09-25 21:30:32,467 [INFO] IPUIPlugin:80 - create IPUIPlugin
2025-09-25 21:30:32,467 [INFO] PluginManager:220 - loadIPPluginJar : add pdm2pcm
2025-09-25 21:30:32,472 [INFO] IPUIPlugin:80 - create IPUIPlugin
2025-09-25 21:30:32,474 [INFO] PluginManager:220 - loadIPPluginJar : add plateformsettings
2025-09-25 21:30:32,475 [INFO] IPUIPlugin:80 - create IPUIPlugin
2025-09-25 21:30:32,475 [INFO] PluginManager:220 - loadIPPluginJar : add quadspi
2025-09-25 21:30:32,477 [INFO] IPUIPlugin:80 - create IPUIPlugin
2025-09-25 21:30:32,478 [INFO] PluginManager:220 - loadIPPluginJar : add radio
2025-09-25 21:30:32,480 [INFO] IPUIPlugin:80 - create IPUIPlugin
2025-09-25 21:30:32,480 [INFO] PluginManager:220 - loadIPPluginJar : add resmgrutility
2025-09-25 21:30:32,484 [INFO] IPUIPlugin:80 - create IPUIPlugin
2025-09-25 21:30:32,484 [INFO] PluginManager:220 - loadIPPluginJar : add sai
2025-09-25 21:30:32,486 [INFO] IPUIPlugin:80 - create IPUIPlugin
2025-09-25 21:30:32,486 [INFO] PluginManager:220 - loadIPPluginJar : add spi
2025-09-25 21:30:32,491 [INFO] IPUIPlugin:80 - create IPUIPlugin
2025-09-25 21:30:32,491 [INFO] PluginManager:220 - loadIPPluginJar : add stm32_wpan
2025-09-25 21:30:32,492 [INFO] IPUIPlugin:80 - create IPUIPlugin
2025-09-25 21:30:32,492 [INFO] PluginManager:220 - loadIPPluginJar : add tim
2025-09-25 21:30:32,495 [INFO] IPUIPlugin:80 - create IPUIPlugin
2025-09-25 21:30:32,495 [INFO] PluginManager:220 - loadIPPluginJar : add touchsensing
2025-09-25 21:30:32,497 [INFO] IPUIPlugin:80 - create IPUIPlugin
2025-09-25 21:30:32,498 [INFO] PluginManager:220 - loadIPPluginJar : add tracer_emb
2025-09-25 21:30:32,499 [INFO] IPUIPlugin:80 - create IPUIPlugin
2025-09-25 21:30:32,499 [INFO] PluginManager:220 - loadIPPluginJar : add ts
2025-09-25 21:30:32,500 [INFO] IPUIPlugin:80 - create IPUIPlugin
2025-09-25 21:30:32,500 [INFO] PluginManager:220 - loadIPPluginJar : add tsc
2025-09-25 21:30:32,502 [INFO] IPUIPlugin:80 - create IPUIPlugin
2025-09-25 21:30:32,503 [INFO] PluginManager:220 - loadIPPluginJar : add ucpd
2025-09-25 21:30:32,504 [INFO] IPUIPlugin:80 - create IPUIPlugin
2025-09-25 21:30:32,504 [INFO] PluginManager:220 - loadIPPluginJar : add usart
2025-09-25 21:30:32,506 [INFO] IPUIPlugin:80 - create IPUIPlugin
2025-09-25 21:30:32,506 [INFO] PluginManager:220 - loadIPPluginJar : add usbx
2025-09-25 21:30:32,627 [FATAL] Updater:351 - Updater called before beeing initialized
2025-09-25 21:30:32,662 [INFO] RulesReader:64 - Compatibility file has been processed (317 Rules)
2025-09-25 21:30:32,671 [INFO] RulesReader:64 - Compatibility file has been processed (317 Rules)
2025-09-25 21:30:32,679 [INFO] CADModel:165 - CPN selected for project level
2025-09-25 21:30:32,679 [INFO] CADModel:114 - Register for checkConnection events
2025-09-25 21:30:32,679 [FATAL] Updater:351 - Updater called before beeing initialized
2025-09-25 21:30:32,679 [ERROR] CADModel:125 - Updater not yet initialized, retry later 
2025-09-25 21:30:32,811 [FATAL] Updater:351 - Updater called before beeing initialized
2025-09-25 21:30:32,812 [INFO] CADModel:165 - CPN selected for project level
2025-09-25 21:30:32,812 [INFO] CADModel:114 - Register for checkConnection events
2025-09-25 21:30:32,812 [FATAL] Updater:351 - Updater called before beeing initialized
2025-09-25 21:30:32,812 [ERROR] CADModel:125 - Updater not yet initialized, retry later 
2025-09-25 21:30:32,815 [FATAL] Updater:351 - Updater called before beeing initialized
2025-09-25 21:30:32,905 [FATAL] Updater:351 - Updater called before beeing initialized
2025-09-25 21:30:32,909 [INFO] DbMcusAds:53 - JSON generation date=Tue Jul 08 13:44:23 IST 2025 (1751962463593)
2025-09-25 21:30:32,909 [FATAL] Updater:351 - Updater called before beeing initialized
2025-09-25 21:30:33,030 [WARN] DetailPanel:346 - Failed to get advertising image, set to default
2025-09-25 21:30:33,124 [FATAL] Updater:351 - Updater called before beeing initialized
2025-09-25 21:30:33,126 [FATAL] Updater:351 - Updater called before beeing initialized
2025-09-25 21:30:33,126 [FATAL] Updater:351 - Updater called before beeing initialized
2025-09-25 21:30:33,126 [WARN] DetailPanel:346 - Failed to get advertising image, set to default
2025-09-25 21:30:33,126 [FATAL] Updater:351 - Updater called before beeing initialized
2025-09-25 21:30:33,174 [ERROR] Updater:1198 - MainUpdater not yet initialized. External WinMGr cannot be set.
2025-09-25 21:30:33,185 [INFO] Updater:1134 - Updater Version found : 6.15.0
2025-09-25 21:30:33,206 [INFO] ApplicationProperties:184 - Using Application install path: D:\GAURAV_G_PAI\STM32CubeIDE_1.19.0\STM32CubeIDE\plugins\com.st.stm32cube.common.mx_6.15.0.202507011659
2025-09-25 21:30:33,520 [INFO] MainUpdater:2872 - connection check result : 10
2025-09-25 21:30:33,521 [INFO] MainUpdater:289 - Updater Check For Update Now.
2025-09-25 21:30:33,521 [INFO] MicroXplorer:498 - Change Database Version : DB.6.0.150
2025-09-25 21:30:33,537 [INFO] McuFinderGlobals:63 - Set McuFinder mode to 2 (CubeIDE integrated)
2025-09-25 21:30:33,538 [INFO] UserAuth:171 - activating auth plugin
2025-09-25 21:30:33,541 [INFO] UserAuth:487 - Internet connection configuration mode: 1
2025-09-25 21:30:33,656 [INFO] JxBrowserEngine:152 - Initiate JxBrowser Engine with user profile folder
2025-09-25 21:30:33,771 [INFO] CheckServerUpdateThread:120 - End of CheckServer Thread
2025-09-25 21:30:34,853 [INFO] WebApp:169 - Instantiating new browser for Auth
2025-09-25 21:30:35,141 [WARN] PackLoader:240 - Cannot read IP mode file for STMicroelectronics.FP-SNS-MOTENVWB1.1.4.0
2025-09-25 21:30:35,161 [WARN] PackLoader:240 - Cannot read IP mode file for STMicroelectronics.FP-ATR-ASTRA1.2.0.2
2025-09-25 21:30:35,198 [WARN] PackLoader:240 - Cannot read IP mode file for STMicroelectronics.X-CUBE-SMBUS.2.1.0
2025-09-25 21:30:35,223 [WARN] PackLoader:240 - Cannot read IP mode file for STMicroelectronics.X-CUBE-ST60.1.0.0
2025-09-25 21:30:35,285 [WARN] PackLoader:240 - Cannot read IP mode file for STMicroelectronics.X-CUBE-AZRTOS-F7.1.1.0
2025-09-25 21:30:35,331 [WARN] PackLoader:240 - Cannot read IP mode file for Infineon.AIROC-Wi-Fi-Bluetooth-STM32.1.7.1
2025-09-25 21:30:35,400 [WARN] PackLoader:240 - Cannot read IP mode file for STMicroelectronics.X-CUBE-AZRTOS-H7.3.4.0
2025-09-25 21:30:35,464 [WARN] PackLoader:240 - Cannot read IP mode file for STMicroelectronics.X-CUBE-DISPLAY.3.0.0
2025-09-25 21:30:35,558 [WARN] PackLoader:240 - Cannot read IP mode file for STMicroelectronics.X-CUBE-NFC10.1.0.0
2025-09-25 21:30:35,592 [WARN] PackLoader:240 - Cannot read IP mode file for emotas.I-CUBE-CANOPEN.1.3.0
2025-09-25 21:30:35,624 [WARN] PackLoader:240 - Cannot read IP mode file for STMicroelectronics.FP-SNS-STBOX1.2.1.0
2025-09-25 21:30:35,648 [WARN] PackLoader:240 - Cannot read IP mode file for STMicroelectronics.FP-SNS-SMARTAG2.1.2.0
2025-09-25 21:30:35,657 [WARN] PackLoader:240 - Cannot read IP mode file for STMicroelectronics.FP-SNS-FLIGHT1.5.1.0
2025-09-25 21:30:35,687 [INFO] LogOutputStream:77 - [STDOUT_REDIRECT] 1 : Invalid condition id : UX_CORESTACK_Condition cause : null
2025-09-25 21:30:35,688 [INFO] LogOutputStream:77 - [STDOUT_REDIRECT] 1 : Invalid condition id : UX_CORESTACK_Condition cause : null
2025-09-25 21:30:35,689 [INFO] LogOutputStream:77 - [STDOUT_REDIRECT] 1 : Invalid condition id : UX_CORESTACK_Condition cause : null
2025-09-25 21:30:35,691 [INFO] LogOutputStream:77 - [STDOUT_REDIRECT] 1 : Invalid condition id : UX_CORESTACK_Condition cause : null
2025-09-25 21:30:35,692 [INFO] LogOutputStream:77 - [STDOUT_REDIRECT] 1 : Invalid condition id : UX_CORESTACK_Condition cause : null
2025-09-25 21:30:35,696 [WARN] PackLoader:240 - Cannot read IP mode file for STMicroelectronics.X-CUBE-AZRTOS-WL.2.0.0
2025-09-25 21:30:35,720 [WARN] PackLoader:240 - Cannot read IP mode file for STMicroelectronics.FP-SNS-MOTENV1.5.0.0
2025-09-25 21:30:35,745 [WARN] PackLoader:240 - Cannot read IP mode file for WES.I-CUBE-Cesium.1.3.0
2025-09-25 21:30:35,763 [WARN] PackLoader:240 - Cannot read IP mode file for STMicroelectronics.X-CUBE-BLE2.3.3.0
2025-09-25 21:30:35,783 [WARN] PackLoader:240 - Cannot read IP mode file for STMicroelectronics.X-CUBE-NFC9.1.0.0
2025-09-25 21:30:35,811 [WARN] PackLoader:240 - Cannot read IP mode file for wolfSSL.I-CUBE-wolfSSL.5.8.2
2025-09-25 21:30:35,834 [WARN] PackLoader:240 - Cannot read IP mode file for STMicroelectronics.X-CUBE-BLE1.7.1.0
2025-09-25 21:30:35,843 [WARN] PackLoader:240 - Cannot read IP mode file for wolfSSL.I-CUBE-wolfMQTT.1.19.2
2025-09-25 21:30:35,866 [WARN] PackLoader:240 - Cannot read IP mode file for STMicroelectronics.X-CUBE-EEPRMA1.5.2.0
2025-09-25 21:30:35,897 [WARN] PackLoader:240 - Cannot read IP mode file for STMicroelectronics.X-CUBE-AI.10.1.0
2025-09-25 21:30:35,935 [WARN] PackLoader:240 - Cannot read IP mode file for STMicroelectronics.X-CUBE-AZRTOS-G0.1.1.0
2025-09-25 21:30:35,953 [WARN] PackLoader:240 - Cannot read IP mode file for STMicroelectronics.X-CUBE-SAFEA1.1.2.2
2025-09-25 21:30:35,999 [WARN] PackLoader:240 - Cannot read IP mode file for STMicroelectronics.X-CUBE-NFC4.3.0.0
2025-09-25 21:30:36,022 [WARN] PackLoader:240 - Cannot read IP mode file for EmbeddedOffice.I-CUBE-FS-RTOS.1.0.1
2025-09-25 21:30:36,039 [WARN] PackLoader:240 - Cannot read IP mode file for STMicroelectronics.X-CUBE-WB05N.2.0.0
2025-09-25 21:30:36,044 [WARN] PackLoader:240 - Cannot read IP mode file for wolfSSL.I-CUBE-wolfTPM.3.8.0
2025-09-25 21:30:36,062 [WARN] PackLoader:240 - Cannot read IP mode file for STMicroelectronics.X-CUBE-TCPP.4.2.0
2025-09-25 21:30:36,080 [WARN] PackLoader:240 - Cannot read IP mode file for RealThread.X-CUBE-RT-Thread_Nano.4.1.1
2025-09-25 21:30:36,085 [WARN] PackLoader:240 - Cannot read IP mode file for STMicroelectronics.FP-ATR-SIGFOX1.3.2.0
2025-09-25 21:30:36,104 [WARN] PackLoader:240 - Cannot read IP mode file for ITTIA_DB.I-CUBE-ITTIADB.8.9.0
2025-09-25 21:30:36,121 [WARN] PackLoader:240 - Cannot read IP mode file for STMicroelectronics.X-CUBE-ST67W61.1.0.0
2025-09-25 21:30:36,136 [WARN] PackLoader:240 - Cannot read IP mode file for STMicroelectronics.X-CUBE-AI.10.2.0
2025-09-25 21:30:36,204 [WARN] PackLoader:240 - Cannot read IP mode file for SEGGER.I-CUBE-embOS.1.3.1
2025-09-25 21:30:36,287 [WARN] PackLoader:240 - Cannot read IP mode file for STMicroelectronics.X-CUBE-ALGOBUILD.1.4.0
2025-09-25 21:30:36,401 [WARN] PackLoader:240 - Cannot read IP mode file for STMicroelectronics.X-CUBE-MEMS1.11.3.0
2025-09-25 21:30:36,433 [INFO] WebApp:463 - Apply proxy settings
2025-09-25 21:30:36,433 [INFO] WebApp:548 - Chromium requires no authentication
2025-09-25 21:30:36,453 [INFO] WebApp:491 - Direct internet connection detected
2025-09-25 21:30:36,491 [INFO] WebApp:900 - Register for checkConnection events
2025-09-25 21:30:36,491 [INFO] WebApp:463 - Apply proxy settings
2025-09-25 21:30:36,491 [INFO] WebApp:548 - Chromium requires no authentication
2025-09-25 21:30:36,492 [INFO] WebApp:491 - Direct internet connection detected
2025-09-25 21:30:36,566 [WARN] PackLoader:240 - Cannot read IP mode file for STMicroelectronics.X-CUBE-PM33A1.1.0.0
2025-09-25 21:30:36,599 [WARN] PackLoader:240 - Cannot read IP mode file for STMicroelectronics.X-CUBE-AZRTOS-F4.1.1.0
2025-09-25 21:30:36,618 [WARN] PackLoader:240 - Cannot read IP mode file for Avnet-IotConnect.X-CUBE-IoTC-DA16k-PMOD.1.0.0
2025-09-25 21:30:36,632 [WARN] PackLoader:240 - Cannot read IP mode file for STMicroelectronics.X-CUBE-ISPU.2.1.0
2025-09-25 21:30:36,650 [WARN] PackLoader:240 - Cannot read IP mode file for STMicroelectronics.X-CUBE-NFC12.1.0.0
2025-09-25 21:30:36,679 [WARN] PackLoader:240 - Cannot read IP mode file for STMicroelectronics.X-CUBE-AZRTOS-L5.2.0.0
2025-09-25 21:30:36,702 [WARN] PackLoader:240 - Cannot read IP mode file for STMicroelectronics.X-CUBE-NFC6.3.1.0
2025-09-25 21:30:36,719 [WARN] PackLoader:240 - Cannot read IP mode file for STMicroelectronics.X-CUBE-FREERTOS.1.3.1
2025-09-25 21:30:36,741 [WARN] PackLoader:240 - Cannot read IP mode file for STMicroelectronics.FP-SNS-STAIOTCFT.1.0.0
2025-09-25 21:30:36,759 [WARN] PackLoader:240 - Cannot read IP mode file for STMicroelectronics.X-CUBE-DPower.1.3.0
2025-09-25 21:30:36,792 [WARN] ConditionMgr:438 - getConditionDescription Invalid condition id : LAN8742 Phy interface Condition cause : null
2025-09-25 21:30:36,793 [WARN] PackLoader:240 - Cannot read IP mode file for STMicroelectronics.X-CUBE-AZRTOS-L4.2.0.0
2025-09-25 21:30:36,793 [WARN] ConditionMgr:1044 - genDependencies : Invalid condition id : LAN8742 Phy interface Condition cause : null
2025-09-25 21:30:36,794 [WARN] ConditionMgr:1044 - genDependencies : Invalid condition id : LAN8742 Phy interface Condition cause : null
2025-09-25 21:30:36,794 [WARN] ConditionMgr:1044 - genDependencies : Invalid condition id : LAN8742 Phy interface Condition cause : null
2025-09-25 21:30:36,957 [INFO] WebApp:225 - Starting web application
2025-09-25 21:30:36,958 [INFO] WebApp:593 - Web application path used D:\GAURAV_G_PAI\STM32CubeIDE_1.19.0\STM32CubeIDE\plugins\com.st.stm32cube.common.mx_6.15.0.202507011659\db\plugins\mcufinder\reactClient1\index.html
2025-09-25 21:30:36,964 [WARN] PackLoader:240 - Cannot read IP mode file for STMicroelectronics.X-CUBE-SFXS2LP1.4.0.0
2025-09-25 21:30:36,987 [WARN] PackLoader:240 - Cannot read IP mode file for STMicroelectronics.X-CUBE-BLEMGR.4.1.0
2025-09-25 21:30:37,017 [WARN] ConditionMgr:438 - getConditionDescription Invalid condition id : UX DEVICE CLASS RTOS Condition cause : null
2025-09-25 21:30:37,018 [WARN] ConditionMgr:438 - getConditionDescription Invalid condition id : UX DEVICE CLASS RTOS Condition cause : null
2025-09-25 21:30:37,019 [WARN] PackLoader:240 - Cannot read IP mode file for STMicroelectronics.X-CUBE-AZRTOS-WB.2.0.0
2025-09-25 21:30:37,019 [WARN] ConditionMgr:1044 - genDependencies : Invalid condition id : UX DEVICE CLASS RTOS Condition cause : null
2025-09-25 21:30:37,020 [WARN] ConditionMgr:1044 - genDependencies : Invalid condition id : UX DEVICE CLASS RTOS Condition cause : null
2025-09-25 21:30:37,020 [WARN] ConditionMgr:1044 - genDependencies : Invalid condition id : UX DEVICE CLASS RTOS Condition cause : null
2025-09-25 21:30:37,020 [WARN] ConditionMgr:1044 - genDependencies : Invalid condition id : UX DEVICE CLASS RTOS Condition cause : null
2025-09-25 21:30:37,020 [WARN] ConditionMgr:1044 - genDependencies : Invalid condition id : UX DEVICE CLASS RTOS Condition cause : null
2025-09-25 21:30:37,056 [WARN] PackLoader:240 - Cannot read IP mode file for STMicroelectronics.X-CUBE-GNSS1.7.0.1
2025-09-25 21:30:37,073 [WARN] PackLoader:240 - Cannot read IP mode file for STMicroelectronics.X-CUBE-TOUCHGFX.4.25.0
2025-09-25 21:30:37,088 [WARN] PackLoader:240 - Cannot read IP mode file for STMicroelectronics.FP-SNS-STBOX1.2.0.0
2025-09-25 21:30:37,096 [WARN] ConditionMgr:438 - getConditionDescription Invalid condition id : Cortex-A Device cause : null
2025-09-25 21:30:37,128 [WARN] ConditionMgr:1044 - genDependencies : Invalid condition id : Cortex-A Device cause : null
2025-09-25 21:30:37,128 [WARN] ConditionMgr:1044 - genDependencies : Invalid condition id : Cortex-A Device cause : null
2025-09-25 21:30:37,129 [WARN] ConditionMgr:1044 - genDependencies : Invalid condition id : Cortex-A Device cause : null
2025-09-25 21:30:37,157 [WARN] PackLoader:240 - Cannot read IP mode file for STMicroelectronics.X-CUBE-SUBG2.5.0.0
2025-09-25 21:30:37,191 [WARN] PackLoader:240 - Cannot read IP mode file for STMicroelectronics.X-CUBE-AZRTOS-H7RS.1.1.0
2025-09-25 21:30:37,196 [WARN] PackLoader:240 - Cannot read IP mode file for Cesanta.I-CUBE-Mongoose.7.13.0
2025-09-25 21:30:37,219 [WARN] PackLoader:240 - Cannot read IP mode file for STMicroelectronics.X-CUBE-AZRTOS-G4.2.0.0
2025-09-25 21:30:37,226 [WARN] PackLoader:240 - Cannot read IP mode file for wolfSSL.I-CUBE-wolfSSH.1.4.20
2025-09-25 21:30:37,243 [WARN] PackLoader:240 - Cannot read IP mode file for STMicroelectronics.X-CUBE-NFC7.2.0.0
2025-09-25 21:30:37,272 [WARN] PackLoader:240 - Cannot read IP mode file for STMicroelectronics.X-CUBE-IPS.3.1.0
2025-09-25 21:30:37,301 [WARN] PackLoader:240 - Cannot read IP mode file for STMicroelectronics.X-CUBE-ALS.1.0.2
2025-09-25 21:30:37,326 [WARN] PackLoader:240 - Cannot read IP mode file for STMicroelectronics.X-CUBE-STSE01.1.0.0
2025-09-25 21:30:37,351 [WARN] PackLoader:240 - Cannot read IP mode file for portGmbH.I-Cube-SoM-uGOAL.1.1.0
2025-09-25 21:30:37,381 [WARN] PackLoader:240 - Cannot read IP mode file for STMicroelectronics.X-CUBE-TOF1.3.4.3
2025-09-25 21:30:37,392 [INFO] ThirdParty:978 - Integrity check success = true
2025-09-25 21:30:37,393 [INFO] IntegrityCheckThread:100 - exiting critical section [integrity check]
2025-09-25 21:30:37,393 [INFO] IntegrityCheckThread:103 - End integrity checks thread
2025-09-25 21:30:37,439 [INFO] WebApp:191 - Connection restablished
