2025-09-19 00:19:15,398 [ERROR] LogOutputStream:75 - [STDERR_REDIRECT] 
2025-09-19 00:21:33,727 [INFO] Activator:176 - 


2025-09-19 00:21:33,736 [INFO] Activator:177 - !SESSION log4j initialized
2025-09-19 00:21:41,929 [INFO] LogOutputStream:77 - [STDOUT_REDIRECT] 
2025-09-19 00:21:44,701 [INFO] ApplicationProperties:184 - Using Application install path: D:\GAURAV_G_PAI\STM32CubeIDE_1.19.0\STM32CubeIDE\plugins\com.st.stm32cube.common.mx_6.15.0.202507011659
2025-09-19 00:21:44,747 [INFO] DbMcusXml:78 - Set database path to: D:\GAURAV_G_PAI\STM32CubeIDE_1.19.0\STM32CubeIDE\plugins\com.st.stm32cube.common.mx_6.15.0.202507011659\\db\/mcu/
2025-09-19 00:21:44,748 [INFO] ApiDb:274 - Set plugin database path to: D:\GAURAV_G_PAI\STM32CubeIDE_1.19.0\STM32CubeIDE\plugins\com.st.stm32cube.common.mx_6.15.0.202507011659\\db\/plugins/boardmanager/
2025-09-19 00:21:44,748 [WARN] ApiDb:259 - Overriding images path with different value:  => D:\GAURAV_G_PAI\STM32CubeIDE_1.19.0\STM32CubeIDE\plugins\com.st.stm32cube.common.mx_6.15.0.202507011659\\db\/plugins/mcufinder/images/
2025-09-19 00:21:44,773 [INFO] ApiDb:250 - Set database path to: C:\Users\LENOVO\.stmcufinder\plugins\mcufinder//mcu/
2025-09-19 00:21:44,774 [INFO] DbMcusAds:125 - Set database path to: C:\Users\LENOVO\.stmcufinder\plugins\mcufinder//mcu/
2025-09-19 00:21:44,775 [INFO] CrossReferenceDbSqlite:203 - Set database path to: C:\Users\LENOVO\.stmcufinder\plugins\mcufinder//mcu/cs/
2025-09-19 00:21:44,894 [INFO] RulesReader:64 - Compatibility file has been processed (317 Rules)
2025-09-19 00:21:45,088 [INFO] DbMcusXml:78 - Set database path to: D:\GAURAV_G_PAI\STM32CubeIDE_1.19.0\STM32CubeIDE\plugins\com.st.stm32cube.common.mx_6.15.0.202507011659\\db\/mcu/
2025-09-19 00:21:45,088 [INFO] ApiDb:274 - Set plugin database path to: D:\GAURAV_G_PAI\STM32CubeIDE_1.19.0\STM32CubeIDE\plugins\com.st.stm32cube.common.mx_6.15.0.202507011659\\db\/plugins/boardmanager/
2025-09-19 00:21:45,088 [INFO] ApiDb:261 - Set plugin images path to: D:\GAURAV_G_PAI\STM32CubeIDE_1.19.0\STM32CubeIDE\plugins\com.st.stm32cube.common.mx_6.15.0.202507011659\\db\/plugins/mcufinder/images/
2025-09-19 00:21:45,088 [WARN] DbFile:41 - Overriding database path with different value: C:\Users\LENOVO\.stmcufinder\plugins\mcufinder/ => C:\Users\LENOVO\.stmcufinder\plugins\mcufinder
2025-09-19 00:21:45,088 [INFO] ApiDb:250 - Set database path to: C:\Users\LENOVO\.stmcufinder\plugins\mcufinder//mcu/
2025-09-19 00:21:45,088 [WARN] DbFile:41 - Overriding database path with different value: C:\Users\LENOVO\.stmcufinder\plugins\mcufinder/ => C:\Users\LENOVO\.stmcufinder\plugins\mcufinder
2025-09-19 00:21:45,088 [INFO] DbMcusAds:125 - Set database path to: C:\Users\LENOVO\.stmcufinder\plugins\mcufinder//mcu/
2025-09-19 00:21:45,088 [WARN] DbFile:41 - Overriding database path with different value: C:\Users\LENOVO\.stmcufinder\plugins\mcufinder/ => C:\Users\LENOVO\.stmcufinder\plugins\mcufinder
2025-09-19 00:21:45,089 [WARN] DbFile:41 - Overriding database path with different value: C:\Users\LENOVO\.stmcufinder\plugins\mcufinder/ => C:\Users\LENOVO\.stmcufinder\plugins\mcufinder
2025-09-19 00:21:45,089 [INFO] CrossReferenceDbSqlite:203 - Set database path to: C:\Users\LENOVO\.stmcufinder\plugins\mcufinder//mcu/cs/
2025-09-19 00:21:45,260 [INFO] MainPanel:274 - HeapMemory: 268435456
2025-09-19 00:21:45,575 [INFO] DbMcusXml:78 - Set database path to: D:\GAURAV_G_PAI\STM32CubeIDE_1.19.0\STM32CubeIDE\plugins\com.st.stm32cube.common.mx_6.15.0.202507011659\\db\/mcu/
2025-09-19 00:21:45,575 [INFO] ApiDb:274 - Set plugin database path to: D:\GAURAV_G_PAI\STM32CubeIDE_1.19.0\STM32CubeIDE\plugins\com.st.stm32cube.common.mx_6.15.0.202507011659\\db\/plugins/boardmanager/
2025-09-19 00:21:45,575 [INFO] ApiDb:261 - Set plugin images path to: D:\GAURAV_G_PAI\STM32CubeIDE_1.19.0\STM32CubeIDE\plugins\com.st.stm32cube.common.mx_6.15.0.202507011659\\db\/plugins/mcufinder/images/
2025-09-19 00:21:45,576 [WARN] DbFile:41 - Overriding database path with different value: C:\Users\LENOVO\.stmcufinder\plugins\mcufinder/ => C:\Users\LENOVO\.stmcufinder\plugins\mcufinder
2025-09-19 00:21:45,576 [INFO] ApiDb:250 - Set database path to: C:\Users\LENOVO\.stmcufinder\plugins\mcufinder//mcu/
2025-09-19 00:21:45,576 [WARN] DbFile:41 - Overriding database path with different value: C:\Users\LENOVO\.stmcufinder\plugins\mcufinder/ => C:\Users\LENOVO\.stmcufinder\plugins\mcufinder
2025-09-19 00:21:45,576 [INFO] DbMcusAds:125 - Set database path to: C:\Users\LENOVO\.stmcufinder\plugins\mcufinder//mcu/
2025-09-19 00:21:45,576 [WARN] DbFile:41 - Overriding database path with different value: C:\Users\LENOVO\.stmcufinder\plugins\mcufinder/ => C:\Users\LENOVO\.stmcufinder\plugins\mcufinder
2025-09-19 00:21:45,576 [WARN] DbFile:41 - Overriding database path with different value: C:\Users\LENOVO\.stmcufinder\plugins\mcufinder/ => C:\Users\LENOVO\.stmcufinder\plugins\mcufinder
2025-09-19 00:21:45,576 [INFO] CrossReferenceDbSqlite:203 - Set database path to: C:\Users\LENOVO\.stmcufinder\plugins\mcufinder//mcu/cs/
2025-09-19 00:21:45,626 [INFO] ApplicationProperties:184 - Using Application install path: D:\GAURAV_G_PAI\STM32CubeIDE_1.19.0\STM32CubeIDE\plugins\com.st.stm32cube.common.mx_6.15.0.202507011659
2025-09-19 00:21:45,627 [INFO] PluginManage:196 - Search for loadable plugins [exclusion list=, ]
2025-09-19 00:21:45,629 [INFO] PluginManage:310 - Check plugin analytics
2025-09-19 00:21:45,880 [INFO] AnalyticsPlugin:253 - Accepted Software Licenses: 
2025-09-19 00:21:45,880 [INFO] AnalyticsPlugin:255 - Accepted CMSIS Pack Licenses: 
2025-09-19 00:21:45,880 [INFO] AnalyticsPlugin:257 - Accepted Firmware Licenses: 
2025-09-19 00:21:45,882 [INFO] PluginManage:359 - Loaded plugin analytics (category:tool,tabindex:-1)
2025-09-19 00:21:45,883 [INFO] PluginManage:310 - Check plugin cadmodel
2025-09-19 00:21:45,916 [INFO] CADModel:105 - Init CAD model plugin
2025-09-19 00:21:45,916 [INFO] PluginManage:359 - Loaded plugin cadmodel (category:power,tabindex:5)
2025-09-19 00:21:45,916 [INFO] PluginManage:310 - Check plugin clock
2025-09-19 00:21:45,939 [INFO] PluginManage:359 - Loaded plugin clock (category:base,tabindex:2)
2025-09-19 00:21:45,939 [INFO] PluginManage:310 - Check plugin ddr
2025-09-19 00:21:45,941 [INFO] PluginManage:359 - Loaded plugin ddr (category:tool,tabindex:6)
2025-09-19 00:21:45,941 [INFO] PluginManage:310 - Check plugin filemanager
2025-09-19 00:21:46,090 [INFO] PluginManage:359 - Loaded plugin filemanager (category:base,tabindex:10)
2025-09-19 00:21:46,091 [INFO] PluginManage:310 - Check plugin ipmanager
2025-09-19 00:21:46,097 [INFO] PluginManage:359 - Loaded plugin ipmanager (category:base,tabindex:5)
2025-09-19 00:21:46,097 [INFO] PluginManage:310 - Check plugin lpbam
2025-09-19 00:21:46,114 [INFO] PluginManage:359 - Loaded plugin lpbam (category:base,tabindex:0)
2025-09-19 00:21:46,115 [INFO] PluginManage:310 - Check plugin memorymap
2025-09-19 00:21:46,173 [INFO] PluginManage:359 - Loaded plugin memorymap (category:base,tabindex:4)
2025-09-19 00:21:46,173 [INFO] PluginManage:310 - Check plugin pinoutandconfiguration
2025-09-19 00:21:46,191 [INFO] PluginManage:359 - Loaded plugin pinoutandconfiguration (category:base,tabindex:1)
2025-09-19 00:21:46,191 [INFO] PluginManage:310 - Check plugin pinoutconfig
2025-09-19 00:21:46,314 [WARN] SupportedApi:132 - Cannot load RTOS API schema: s4s-elt-must-match.1: The content of 'definitions' must match (annotation?, (simpleType | complexType)?, (unique | key | keyref)*)). A problem was found starting at: attribute.
2025-09-19 00:21:46,442 [INFO] PluginManage:359 - Loaded plugin pinoutconfig (category:base,tabindex:0)
2025-09-19 00:21:46,442 [INFO] PluginManage:310 - Check plugin power
2025-09-19 00:21:46,485 [INFO] PluginManage:359 - Loaded plugin power (category:power,tabindex:4)
2025-09-19 00:21:46,485 [INFO] PluginManage:310 - Check plugin projectmanager
2025-09-19 00:21:46,503 [INFO] PluginManage:359 - Loaded plugin projectmanager (category:projectmanager,tabindex:4)
2025-09-19 00:21:46,503 [INFO] PluginManage:310 - Check plugin rif
2025-09-19 00:21:46,560 [INFO] PluginManage:359 - Loaded plugin rif (category:base,tabindex:3)
2025-09-19 00:21:46,560 [INFO] PluginManage:310 - Check plugin thirdparty
2025-09-19 00:21:47,039 [INFO] PluginManage:359 - Loaded plugin thirdparty (category:base,tabindex:-1)
2025-09-19 00:21:47,040 [INFO] PluginManage:310 - Check plugin tools
2025-09-19 00:21:47,039 [WARN] IntegrityCheckThread:84 - waiting for thirdparty lock release [integrity check]
2025-09-19 00:21:47,040 [INFO] IntegrityCheckThread:86 - entering critical section [integrity check]
2025-09-19 00:21:47,040 [INFO] ThirdPartyUpdaterWithRetryManager:70 - Updater plugin not ready yet. [1/15]
2025-09-19 00:21:47,080 [INFO] PluginManage:359 - Loaded plugin tools (category:base,tabindex:7)
2025-09-19 00:21:47,081 [INFO] PluginManage:310 - Check plugin tutovideos
2025-09-19 00:21:47,367 [INFO] PluginManage:359 - Loaded plugin tutovideos (category:base,tabindex:-1)
2025-09-19 00:21:47,367 [INFO] PluginManage:310 - Check plugin updater
2025-09-19 00:21:47,385 [INFO] PluginManage:359 - Loaded plugin updater (category:base,tabindex:12)
2025-09-19 00:21:47,385 [INFO] PluginManage:310 - Check plugin userauth
2025-09-19 00:21:47,388 [INFO] UserAuth:118 - Init User Auth plugin
2025-09-19 00:21:47,389 [INFO] PluginManage:359 - Loaded plugin userauth (category:base,tabindex:14)
2025-09-19 00:21:47,389 [INFO] PluginManage:283 - PluginManage : Loaded plugins [18]
2025-09-19 00:21:47,610 [INFO] PinOutPanel:1589 - setPackage(No Configuration,No Configuration)
2025-09-19 00:21:47,717 [INFO] CADModel:165 - CPN selected for project level
2025-09-19 00:21:47,717 [INFO] CADModel:114 - Register for checkConnection events
2025-09-19 00:21:47,751 [INFO] IPUIPlugin:80 - create IPUIPlugin
2025-09-19 00:21:47,751 [INFO] PluginManager:220 - loadIPPluginJar : add adc
2025-09-19 00:21:47,800 [INFO] IPUIPlugin:80 - create IPUIPlugin
2025-09-19 00:21:47,800 [INFO] PluginManager:220 - loadIPPluginJar : add aes
2025-09-19 00:21:47,860 [INFO] IPUIPlugin:80 - create IPUIPlugin
2025-09-19 00:21:47,860 [INFO] PluginManager:220 - loadIPPluginJar : add can
2025-09-19 00:21:47,891 [INFO] IPUIPlugin:80 - create IPUIPlugin
2025-09-19 00:21:47,891 [INFO] PluginManager:220 - loadIPPluginJar : add comp
2025-09-19 00:21:47,929 [INFO] IPUIPlugin:80 - create IPUIPlugin
2025-09-19 00:21:47,929 [INFO] PluginManager:220 - loadIPPluginJar : add cryp
2025-09-19 00:21:47,942 [INFO] IPUIPlugin:80 - create IPUIPlugin
2025-09-19 00:21:47,942 [INFO] PluginManager:220 - loadIPPluginJar : add ddr_ctrl_phy
2025-09-19 00:21:47,977 [INFO] IPUIPlugin:80 - create IPUIPlugin
2025-09-19 00:21:47,977 [INFO] PluginManager:220 - loadIPPluginJar : add dfsdm
2025-09-19 00:21:47,994 [INFO] IPUIPlugin:80 - create IPUIPlugin
2025-09-19 00:21:47,994 [INFO] PluginManager:220 - loadIPPluginJar : add dma
2025-09-19 00:21:48,039 [INFO] IPUIPlugin:80 - create IPUIPlugin
2025-09-19 00:21:48,039 [INFO] PluginManager:220 - loadIPPluginJar : add dma3
2025-09-19 00:21:48,088 [INFO] IPUIPlugin:80 - create IPUIPlugin
2025-09-19 00:21:48,088 [INFO] PluginManager:220 - loadIPPluginJar : add extmemmanager
2025-09-19 00:21:48,115 [INFO] IPUIPlugin:80 - create IPUIPlugin
2025-09-19 00:21:48,115 [INFO] PluginManager:220 - loadIPPluginJar : add fatfs
2025-09-19 00:21:48,168 [INFO] IPUIPlugin:80 - create IPUIPlugin
2025-09-19 00:21:48,168 [INFO] PluginManager:220 - loadIPPluginJar : add fmc
2025-09-19 00:21:48,204 [INFO] IPUIPlugin:80 - create IPUIPlugin
2025-09-19 00:21:48,204 [INFO] PluginManager:220 - loadIPPluginJar : add freertos
2025-09-19 00:21:48,229 [INFO] IPUIPlugin:80 - create IPUIPlugin
2025-09-19 00:21:48,229 [INFO] PluginManager:220 - loadIPPluginJar : add genericplugin
2025-09-19 00:21:48,412 [INFO] IPUIPlugin:80 - create IPUIPlugin
2025-09-19 00:21:48,412 [INFO] PluginManager:220 - loadIPPluginJar : add gfxmmu
2025-09-19 00:21:48,593 [INFO] IPUIPlugin:80 - create IPUIPlugin
2025-09-19 00:21:48,593 [INFO] PluginManager:220 - loadIPPluginJar : add gic
2025-09-19 00:21:48,607 [INFO] IPUIPlugin:80 - create IPUIPlugin
2025-09-19 00:21:48,607 [INFO] PluginManager:220 - loadIPPluginJar : add gpio
2025-09-19 00:21:48,709 [INFO] IPUIPlugin:80 - create IPUIPlugin
2025-09-19 00:21:48,709 [INFO] PluginManager:220 - loadIPPluginJar : add gtzc
2025-09-19 00:21:48,747 [INFO] IPUIPlugin:80 - create IPUIPlugin
2025-09-19 00:21:48,747 [INFO] PluginManager:220 - loadIPPluginJar : add hash
2025-09-19 00:21:48,806 [INFO] IPUIPlugin:80 - create IPUIPlugin
2025-09-19 00:21:48,806 [INFO] PluginManager:220 - loadIPPluginJar : add i2c
2025-09-19 00:21:48,875 [INFO] IPUIPlugin:80 - create IPUIPlugin
2025-09-19 00:21:48,876 [INFO] PluginManager:220 - loadIPPluginJar : add i2s
2025-09-19 00:21:48,945 [INFO] IPUIPlugin:80 - create IPUIPlugin
2025-09-19 00:21:48,945 [INFO] PluginManager:220 - loadIPPluginJar : add i3c
2025-09-19 00:21:49,079 [INFO] IPUIPlugin:80 - create IPUIPlugin
2025-09-19 00:21:49,079 [INFO] PluginManager:220 - loadIPPluginJar : add ipddr
2025-09-19 00:21:49,186 [INFO] IPUIPlugin:80 - create IPUIPlugin
2025-09-19 00:21:49,186 [INFO] PluginManager:220 - loadIPPluginJar : add linkedlist
2025-09-19 00:21:49,226 [INFO] IPUIPlugin:80 - create IPUIPlugin
2025-09-19 00:21:49,226 [INFO] PluginManager:220 - loadIPPluginJar : add lorawan
2025-09-19 00:21:49,274 [INFO] IPUIPlugin:80 - create IPUIPlugin
2025-09-19 00:21:49,274 [INFO] PluginManager:220 - loadIPPluginJar : add ltdc
2025-09-19 00:21:49,297 [INFO] IPUIPlugin:80 - create IPUIPlugin
2025-09-19 00:21:49,297 [INFO] PluginManager:220 - loadIPPluginJar : add mdma
2025-09-19 00:21:49,310 [INFO] IPUIPlugin:80 - create IPUIPlugin
2025-09-19 00:21:49,311 [INFO] PluginManager:220 - loadIPPluginJar : add nvic
2025-09-19 00:21:49,351 [INFO] IPUIPlugin:80 - create IPUIPlugin
2025-09-19 00:21:49,352 [INFO] PluginManager:220 - loadIPPluginJar : add opamp
2025-09-19 00:21:49,425 [INFO] IPUIPlugin:80 - create IPUIPlugin
2025-09-19 00:21:49,425 [INFO] PluginManager:220 - loadIPPluginJar : add openamp
2025-09-19 00:21:49,478 [INFO] IPUIPlugin:80 - create IPUIPlugin
2025-09-19 00:21:49,478 [INFO] PluginManager:220 - loadIPPluginJar : add pdm2pcm
2025-09-19 00:21:49,516 [INFO] IPUIPlugin:80 - create IPUIPlugin
2025-09-19 00:21:49,519 [INFO] PluginManager:220 - loadIPPluginJar : add plateformsettings
2025-09-19 00:21:49,547 [INFO] IPUIPlugin:80 - create IPUIPlugin
2025-09-19 00:21:49,547 [INFO] PluginManager:220 - loadIPPluginJar : add quadspi
2025-09-19 00:21:49,578 [INFO] IPUIPlugin:80 - create IPUIPlugin
2025-09-19 00:21:49,578 [INFO] PluginManager:220 - loadIPPluginJar : add radio
2025-09-19 00:21:49,675 [INFO] IPUIPlugin:80 - create IPUIPlugin
2025-09-19 00:21:49,675 [INFO] PluginManager:220 - loadIPPluginJar : add resmgrutility
2025-09-19 00:21:49,737 [INFO] IPUIPlugin:80 - create IPUIPlugin
2025-09-19 00:21:49,737 [INFO] PluginManager:220 - loadIPPluginJar : add sai
2025-09-19 00:21:49,784 [INFO] IPUIPlugin:80 - create IPUIPlugin
2025-09-19 00:21:49,784 [INFO] PluginManager:220 - loadIPPluginJar : add spi
2025-09-19 00:21:49,868 [INFO] IPUIPlugin:80 - create IPUIPlugin
2025-09-19 00:21:49,868 [INFO] PluginManager:220 - loadIPPluginJar : add stm32_wpan
2025-09-19 00:21:49,896 [INFO] IPUIPlugin:80 - create IPUIPlugin
2025-09-19 00:21:49,896 [INFO] PluginManager:220 - loadIPPluginJar : add tim
2025-09-19 00:21:49,983 [INFO] IPUIPlugin:80 - create IPUIPlugin
2025-09-19 00:21:49,983 [INFO] PluginManager:220 - loadIPPluginJar : add touchsensing
2025-09-19 00:21:50,024 [INFO] IPUIPlugin:80 - create IPUIPlugin
2025-09-19 00:21:50,024 [INFO] PluginManager:220 - loadIPPluginJar : add tracer_emb
2025-09-19 00:21:50,043 [INFO] ThirdPartyUpdaterWithRetryManager:70 - Updater plugin not ready yet. [2/15]
2025-09-19 00:21:50,052 [INFO] IPUIPlugin:80 - create IPUIPlugin
2025-09-19 00:21:50,052 [INFO] PluginManager:220 - loadIPPluginJar : add ts
2025-09-19 00:21:50,081 [INFO] IPUIPlugin:80 - create IPUIPlugin
2025-09-19 00:21:50,082 [INFO] PluginManager:220 - loadIPPluginJar : add tsc
2025-09-19 00:21:50,106 [INFO] IPUIPlugin:80 - create IPUIPlugin
2025-09-19 00:21:50,106 [INFO] PluginManager:220 - loadIPPluginJar : add ucpd
2025-09-19 00:21:50,155 [INFO] IPUIPlugin:80 - create IPUIPlugin
2025-09-19 00:21:50,155 [INFO] PluginManager:220 - loadIPPluginJar : add usart
2025-09-19 00:21:50,244 [INFO] IPUIPlugin:80 - create IPUIPlugin
2025-09-19 00:21:50,244 [INFO] PluginManager:220 - loadIPPluginJar : add usbx
2025-09-19 00:21:50,369 [FATAL] Updater:351 - Updater called before beeing initialized
2025-09-19 00:21:50,445 [INFO] RulesReader:64 - Compatibility file has been processed (317 Rules)
2025-09-19 00:21:50,455 [INFO] RulesReader:64 - Compatibility file has been processed (317 Rules)
2025-09-19 00:21:50,462 [INFO] CADModel:165 - CPN selected for project level
2025-09-19 00:21:50,462 [INFO] CADModel:114 - Register for checkConnection events
2025-09-19 00:21:50,463 [FATAL] Updater:351 - Updater called before beeing initialized
2025-09-19 00:21:50,463 [ERROR] CADModel:125 - Updater not yet initialized, retry later 
2025-09-19 00:21:50,649 [FATAL] Updater:351 - Updater called before beeing initialized
2025-09-19 00:21:50,668 [INFO] CADModel:165 - CPN selected for project level
2025-09-19 00:21:50,668 [INFO] CADModel:114 - Register for checkConnection events
2025-09-19 00:21:50,669 [FATAL] Updater:351 - Updater called before beeing initialized
2025-09-19 00:21:50,669 [ERROR] CADModel:125 - Updater not yet initialized, retry later 
2025-09-19 00:21:50,674 [FATAL] Updater:351 - Updater called before beeing initialized
2025-09-19 00:21:50,774 [FATAL] Updater:351 - Updater called before beeing initialized
2025-09-19 00:21:50,786 [INFO] DbMcusAds:53 - JSON generation date=Tue Jul 08 13:44:23 IST 2025 (1751962463593)
2025-09-19 00:21:50,786 [FATAL] Updater:351 - Updater called before beeing initialized
2025-09-19 00:21:50,928 [WARN] DetailPanel:346 - Failed to get advertising image, set to default
2025-09-19 00:21:51,085 [FATAL] Updater:351 - Updater called before beeing initialized
2025-09-19 00:21:51,087 [FATAL] Updater:351 - Updater called before beeing initialized
2025-09-19 00:21:51,087 [FATAL] Updater:351 - Updater called before beeing initialized
2025-09-19 00:21:51,087 [WARN] DetailPanel:346 - Failed to get advertising image, set to default
2025-09-19 00:21:51,088 [FATAL] Updater:351 - Updater called before beeing initialized
2025-09-19 00:21:51,148 [ERROR] Updater:1198 - MainUpdater not yet initialized. External WinMGr cannot be set.
2025-09-19 00:21:51,175 [INFO] Updater:1134 - Updater Version found : 6.15.0
2025-09-19 00:21:51,190 [INFO] ApplicationProperties:184 - Using Application install path: D:\GAURAV_G_PAI\STM32CubeIDE_1.19.0\STM32CubeIDE\plugins\com.st.stm32cube.common.mx_6.15.0.202507011659
2025-09-19 00:21:51,608 [INFO] MainUpdater:2872 - connection check result : 10
2025-09-19 00:21:51,608 [INFO] MainUpdater:289 - Updater Check For Update Now.
2025-09-19 00:21:51,609 [INFO] MicroXplorer:498 - Change Database Version : DB.6.0.150
2025-09-19 00:21:51,646 [INFO] McuFinderGlobals:63 - Set McuFinder mode to 2 (CubeIDE integrated)
2025-09-19 00:21:51,646 [INFO] UserAuth:171 - activating auth plugin
2025-09-19 00:21:51,650 [INFO] UserAuth:487 - Internet connection configuration mode: 1
2025-09-19 00:21:51,726 [INFO] JxBrowserEngine:152 - Initiate JxBrowser Engine with user profile folder
2025-09-19 00:21:51,861 [INFO] CheckServerUpdateThread:120 - End of CheckServer Thread
2025-09-19 00:21:52,759 [INFO] WebApp:169 - Instantiating new browser for Auth
2025-09-19 00:21:53,459 [WARN] PackLoader:240 - Cannot read IP mode file for STMicroelectronics.FP-SNS-MOTENVWB1.1.4.0
2025-09-19 00:21:53,486 [WARN] PackLoader:240 - Cannot read IP mode file for STMicroelectronics.FP-ATR-ASTRA1.2.0.2
2025-09-19 00:21:53,515 [WARN] PackLoader:240 - Cannot read IP mode file for STMicroelectronics.X-CUBE-SMBUS.2.1.0
2025-09-19 00:21:53,536 [WARN] PackLoader:240 - Cannot read IP mode file for STMicroelectronics.X-CUBE-ST60.1.0.0
2025-09-19 00:21:53,594 [WARN] PackLoader:240 - Cannot read IP mode file for STMicroelectronics.X-CUBE-AZRTOS-F7.1.1.0
2025-09-19 00:21:53,678 [WARN] PackLoader:240 - Cannot read IP mode file for Infineon.AIROC-Wi-Fi-Bluetooth-STM32.1.7.1
2025-09-19 00:21:53,759 [WARN] PackLoader:240 - Cannot read IP mode file for STMicroelectronics.X-CUBE-AZRTOS-H7.3.4.0
2025-09-19 00:21:53,799 [WARN] PackLoader:240 - Cannot read IP mode file for STMicroelectronics.X-CUBE-DISPLAY.3.0.0
2025-09-19 00:21:53,859 [WARN] PackLoader:240 - Cannot read IP mode file for STMicroelectronics.X-CUBE-NFC10.1.0.0
2025-09-19 00:21:53,908 [WARN] PackLoader:240 - Cannot read IP mode file for emotas.I-CUBE-CANOPEN.1.3.0
2025-09-19 00:21:53,917 [INFO] WebApp:463 - Apply proxy settings
2025-09-19 00:21:53,918 [INFO] WebApp:548 - Chromium requires no authentication
2025-09-19 00:21:53,937 [INFO] WebApp:491 - Direct internet connection detected
2025-09-19 00:21:53,941 [WARN] PackLoader:240 - Cannot read IP mode file for STMicroelectronics.FP-SNS-STBOX1.2.1.0
2025-09-19 00:21:53,965 [WARN] PackLoader:240 - Cannot read IP mode file for STMicroelectronics.FP-SNS-SMARTAG2.1.2.0
2025-09-19 00:21:53,986 [WARN] PackLoader:240 - Cannot read IP mode file for STMicroelectronics.FP-SNS-FLIGHT1.5.1.0
2025-09-19 00:21:53,998 [INFO] WebApp:900 - Register for checkConnection events
2025-09-19 00:21:53,998 [INFO] WebApp:463 - Apply proxy settings
2025-09-19 00:21:53,998 [INFO] WebApp:548 - Chromium requires no authentication
2025-09-19 00:21:53,998 [INFO] WebApp:491 - Direct internet connection detected
2025-09-19 00:21:54,015 [INFO] LogOutputStream:77 - [STDOUT_REDIRECT] 1 : Invalid condition id : UX_CORESTACK_Condition cause : null
2025-09-19 00:21:54,016 [INFO] LogOutputStream:77 - [STDOUT_REDIRECT] 1 : Invalid condition id : UX_CORESTACK_Condition cause : null
2025-09-19 00:21:54,017 [INFO] LogOutputStream:77 - [STDOUT_REDIRECT] 1 : Invalid condition id : UX_CORESTACK_Condition cause : null
2025-09-19 00:21:54,019 [INFO] LogOutputStream:77 - [STDOUT_REDIRECT] 1 : Invalid condition id : UX_CORESTACK_Condition cause : null
2025-09-19 00:21:54,020 [INFO] LogOutputStream:77 - [STDOUT_REDIRECT] 1 : Invalid condition id : UX_CORESTACK_Condition cause : null
2025-09-19 00:21:54,024 [WARN] PackLoader:240 - Cannot read IP mode file for STMicroelectronics.X-CUBE-AZRTOS-WL.2.0.0
2025-09-19 00:21:54,043 [WARN] PackLoader:240 - Cannot read IP mode file for STMicroelectronics.FP-SNS-MOTENV1.5.0.0
2025-09-19 00:21:54,064 [WARN] PackLoader:240 - Cannot read IP mode file for WES.I-CUBE-Cesium.1.3.0
2025-09-19 00:21:54,080 [WARN] PackLoader:240 - Cannot read IP mode file for STMicroelectronics.X-CUBE-BLE2.3.3.0
2025-09-19 00:21:54,101 [WARN] PackLoader:240 - Cannot read IP mode file for STMicroelectronics.X-CUBE-NFC9.1.0.0
2025-09-19 00:21:54,125 [WARN] PackLoader:240 - Cannot read IP mode file for wolfSSL.I-CUBE-wolfSSL.5.8.2
2025-09-19 00:21:54,145 [WARN] PackLoader:240 - Cannot read IP mode file for STMicroelectronics.X-CUBE-BLE1.7.1.0
2025-09-19 00:21:54,161 [WARN] PackLoader:240 - Cannot read IP mode file for wolfSSL.I-CUBE-wolfMQTT.1.19.2
2025-09-19 00:21:54,179 [WARN] PackLoader:240 - Cannot read IP mode file for STMicroelectronics.X-CUBE-EEPRMA1.5.2.0
2025-09-19 00:21:54,215 [WARN] PackLoader:240 - Cannot read IP mode file for STMicroelectronics.X-CUBE-AI.10.1.0
2025-09-19 00:21:54,303 [WARN] PackLoader:240 - Cannot read IP mode file for STMicroelectronics.X-CUBE-AZRTOS-G0.1.1.0
2025-09-19 00:21:54,351 [WARN] PackLoader:240 - Cannot read IP mode file for STMicroelectronics.X-CUBE-SAFEA1.1.2.2
2025-09-19 00:21:54,366 [INFO] WebApp:191 - Connection restablished
2025-09-19 00:21:54,377 [WARN] PackLoader:240 - Cannot read IP mode file for STMicroelectronics.X-CUBE-NFC4.3.0.0
2025-09-19 00:21:54,407 [WARN] PackLoader:240 - Cannot read IP mode file for EmbeddedOffice.I-CUBE-FS-RTOS.1.0.1
2025-09-19 00:21:54,454 [WARN] PackLoader:240 - Cannot read IP mode file for STMicroelectronics.X-CUBE-WB05N.2.0.0
2025-09-19 00:21:54,478 [WARN] PackLoader:240 - Cannot read IP mode file for wolfSSL.I-CUBE-wolfTPM.3.8.0
2025-09-19 00:21:54,494 [INFO] WebApp:225 - Starting web application
2025-09-19 00:21:54,495 [INFO] WebApp:593 - Web application path used D:\GAURAV_G_PAI\STM32CubeIDE_1.19.0\STM32CubeIDE\plugins\com.st.stm32cube.common.mx_6.15.0.202507011659\db\plugins\mcufinder\reactClient1\index.html
2025-09-19 00:21:54,506 [WARN] PackLoader:240 - Cannot read IP mode file for STMicroelectronics.X-CUBE-TCPP.4.2.0
2025-09-19 00:21:54,539 [WARN] PackLoader:240 - Cannot read IP mode file for RealThread.X-CUBE-RT-Thread_Nano.4.1.1
2025-09-19 00:21:54,566 [WARN] PackLoader:240 - Cannot read IP mode file for STMicroelectronics.FP-ATR-SIGFOX1.3.2.0
2025-09-19 00:21:54,595 [WARN] PackLoader:240 - Cannot read IP mode file for ITTIA_DB.I-CUBE-ITTIADB.8.9.0
2025-09-19 00:21:54,631 [WARN] PackLoader:240 - Cannot read IP mode file for STMicroelectronics.X-CUBE-ST67W61.1.0.0
2025-09-19 00:21:54,668 [WARN] PackLoader:240 - Cannot read IP mode file for STMicroelectronics.X-CUBE-AI.10.2.0
2025-09-19 00:21:54,740 [WARN] PackLoader:240 - Cannot read IP mode file for SEGGER.I-CUBE-embOS.1.3.1
2025-09-19 00:21:54,825 [WARN] PackLoader:240 - Cannot read IP mode file for STMicroelectronics.X-CUBE-ALGOBUILD.1.4.0
2025-09-19 00:21:54,944 [WARN] PackLoader:240 - Cannot read IP mode file for STMicroelectronics.X-CUBE-MEMS1.11.3.0
2025-09-19 00:21:55,097 [WARN] PackLoader:240 - Cannot read IP mode file for STMicroelectronics.X-CUBE-PM33A1.1.0.0
2025-09-19 00:21:55,147 [WARN] PackLoader:240 - Cannot read IP mode file for STMicroelectronics.X-CUBE-AZRTOS-F4.1.1.0
2025-09-19 00:21:55,176 [WARN] PackLoader:240 - Cannot read IP mode file for Avnet-IotConnect.X-CUBE-IoTC-DA16k-PMOD.1.0.0
2025-09-19 00:21:55,202 [WARN] PackLoader:240 - Cannot read IP mode file for STMicroelectronics.X-CUBE-ISPU.2.1.0
2025-09-19 00:21:55,234 [WARN] PackLoader:240 - Cannot read IP mode file for STMicroelectronics.X-CUBE-NFC12.1.0.0
2025-09-19 00:21:55,300 [WARN] PackLoader:240 - Cannot read IP mode file for STMicroelectronics.X-CUBE-AZRTOS-L5.2.0.0
2025-09-19 00:21:55,344 [WARN] PackLoader:240 - Cannot read IP mode file for STMicroelectronics.X-CUBE-NFC6.3.1.0
2025-09-19 00:21:55,374 [WARN] PackLoader:240 - Cannot read IP mode file for STMicroelectronics.X-CUBE-FREERTOS.1.3.1
2025-09-19 00:21:55,399 [WARN] PackLoader:240 - Cannot read IP mode file for STMicroelectronics.FP-SNS-STAIOTCFT.1.0.0
2025-09-19 00:21:55,427 [WARN] PackLoader:240 - Cannot read IP mode file for STMicroelectronics.X-CUBE-DPower.1.3.0
2025-09-19 00:21:55,492 [WARN] ConditionMgr:438 - getConditionDescription Invalid condition id : LAN8742 Phy interface Condition cause : null
2025-09-19 00:21:55,493 [WARN] PackLoader:240 - Cannot read IP mode file for STMicroelectronics.X-CUBE-AZRTOS-L4.2.0.0
2025-09-19 00:21:55,496 [WARN] ConditionMgr:1044 - genDependencies : Invalid condition id : LAN8742 Phy interface Condition cause : null
2025-09-19 00:21:55,497 [WARN] ConditionMgr:1044 - genDependencies : Invalid condition id : LAN8742 Phy interface Condition cause : null
2025-09-19 00:21:55,498 [WARN] ConditionMgr:1044 - genDependencies : Invalid condition id : LAN8742 Phy interface Condition cause : null
2025-09-19 00:21:55,532 [WARN] PackLoader:240 - Cannot read IP mode file for STMicroelectronics.X-CUBE-SFXS2LP1.4.0.0
2025-09-19 00:21:55,567 [WARN] PackLoader:240 - Cannot read IP mode file for STMicroelectronics.X-CUBE-BLEMGR.4.1.0
2025-09-19 00:21:55,619 [WARN] ConditionMgr:438 - getConditionDescription Invalid condition id : UX DEVICE CLASS RTOS Condition cause : null
2025-09-19 00:21:55,620 [WARN] ConditionMgr:438 - getConditionDescription Invalid condition id : UX DEVICE CLASS RTOS Condition cause : null
2025-09-19 00:21:55,622 [WARN] PackLoader:240 - Cannot read IP mode file for STMicroelectronics.X-CUBE-AZRTOS-WB.2.0.0
2025-09-19 00:21:55,622 [WARN] ConditionMgr:1044 - genDependencies : Invalid condition id : UX DEVICE CLASS RTOS Condition cause : null
2025-09-19 00:21:55,622 [WARN] ConditionMgr:1044 - genDependencies : Invalid condition id : UX DEVICE CLASS RTOS Condition cause : null
2025-09-19 00:21:55,623 [WARN] ConditionMgr:1044 - genDependencies : Invalid condition id : UX DEVICE CLASS RTOS Condition cause : null
2025-09-19 00:21:55,623 [WARN] ConditionMgr:1044 - genDependencies : Invalid condition id : UX DEVICE CLASS RTOS Condition cause : null
2025-09-19 00:21:55,623 [WARN] ConditionMgr:1044 - genDependencies : Invalid condition id : UX DEVICE CLASS RTOS Condition cause : null
2025-09-19 00:21:55,652 [WARN] PackLoader:240 - Cannot read IP mode file for STMicroelectronics.X-CUBE-GNSS1.7.0.1
2025-09-19 00:21:55,694 [WARN] PackLoader:240 - Cannot read IP mode file for STMicroelectronics.X-CUBE-TOUCHGFX.4.25.0
2025-09-19 00:21:55,731 [WARN] PackLoader:240 - Cannot read IP mode file for STMicroelectronics.FP-SNS-STBOX1.2.0.0
2025-09-19 00:21:55,764 [WARN] ConditionMgr:438 - getConditionDescription Invalid condition id : Cortex-A Device cause : null
2025-09-19 00:21:55,815 [WARN] ConditionMgr:1044 - genDependencies : Invalid condition id : Cortex-A Device cause : null
2025-09-19 00:21:55,815 [WARN] ConditionMgr:1044 - genDependencies : Invalid condition id : Cortex-A Device cause : null
2025-09-19 00:21:55,815 [WARN] ConditionMgr:1044 - genDependencies : Invalid condition id : Cortex-A Device cause : null
2025-09-19 00:21:55,857 [WARN] PackLoader:240 - Cannot read IP mode file for STMicroelectronics.X-CUBE-SUBG2.5.0.0
2025-09-19 00:21:55,914 [WARN] PackLoader:240 - Cannot read IP mode file for STMicroelectronics.X-CUBE-AZRTOS-H7RS.1.1.0
2025-09-19 00:21:55,939 [WARN] PackLoader:240 - Cannot read IP mode file for Cesanta.I-CUBE-Mongoose.7.13.0
2025-09-19 00:21:55,983 [WARN] PackLoader:240 - Cannot read IP mode file for STMicroelectronics.X-CUBE-AZRTOS-G4.2.0.0
2025-09-19 00:21:56,009 [WARN] PackLoader:240 - Cannot read IP mode file for wolfSSL.I-CUBE-wolfSSH.1.4.20
2025-09-19 00:21:56,034 [WARN] PackLoader:240 - Cannot read IP mode file for STMicroelectronics.X-CUBE-NFC7.2.0.0
2025-09-19 00:21:56,068 [WARN] PackLoader:240 - Cannot read IP mode file for STMicroelectronics.X-CUBE-IPS.3.1.0
2025-09-19 00:21:56,098 [WARN] PackLoader:240 - Cannot read IP mode file for STMicroelectronics.X-CUBE-ALS.1.0.2
2025-09-19 00:21:56,123 [WARN] PackLoader:240 - Cannot read IP mode file for STMicroelectronics.X-CUBE-STSE01.1.0.0
2025-09-19 00:21:56,147 [WARN] PackLoader:240 - Cannot read IP mode file for portGmbH.I-Cube-SoM-uGOAL.1.1.0
2025-09-19 00:21:56,174 [WARN] PackLoader:240 - Cannot read IP mode file for STMicroelectronics.X-CUBE-TOF1.3.4.3
2025-09-19 00:21:56,183 [INFO] ThirdParty:978 - Integrity check success = true
2025-09-19 00:21:56,183 [INFO] IntegrityCheckThread:100 - exiting critical section [integrity check]
2025-09-19 00:21:56,183 [INFO] IntegrityCheckThread:103 - End integrity checks thread
2025-09-19 00:55:55,016 [ERROR] LogOutputStream:75 - [STDERR_REDIRECT] 
